[0.591s] DEBUG:colcon:Command line arguments: ['/usr/bin/colcon', 'build']
[0.591s] DEBUG:colcon:Parsed command line arguments: Namespace(log_base=None, log_level=None, verb_name='build', build_base='build', install_base='install', merge_install=False, symlink_install=False, test_result_base=None, continue_on_error=False, executor='parallel', parallel_workers=12, event_handlers=None, ignore_user_meta=False, metas=['./colcon.meta'], base_paths=['.'], packages_ignore=None, packages_ignore_regex=None, paths=None, packages_up_to=None, packages_up_to_regex=None, packages_above=None, packages_above_and_dependencies=None, packages_above_depth=None, packages_select_by_dep=None, packages_skip_by_dep=None, packages_skip_up_to=None, packages_select_build_failed=False, packages_skip_build_finished=False, packages_select_test_failures=False, packages_skip_test_passed=False, packages_select=None, packages_skip=None, packages_select_regex=None, packages_skip_regex=None, packages_start=None, packages_end=None, cmake_args=None, cmake_target=None, cmake_target_skip_unavailable=False, cmake_clean_cache=False, cmake_clean_first=False, cmake_force_configure=False, ament_cmake_args=None, catkin_cmake_args=None, catkin_skip_building_tests=False, mixin_files=None, mixin=None, verb_parser=<colcon_mixin.mixin.mixin_argument.MixinArgumentDecorator object at 0x74522bee3520>, verb_extension=<colcon_core.verb.build.BuildVerb object at 0x74522bee1ab0>, main=<bound method BuildVerb.main of <colcon_core.verb.build.BuildVerb object at 0x74522bee1ab0>>, mixin_verb=('build',))
[0.614s] Level 1:colcon.colcon_core.package_discovery:discover_packages(colcon_meta) check parameters
[0.614s] Level 1:colcon.colcon_core.package_discovery:discover_packages(recursive) check parameters
[0.614s] Level 1:colcon.colcon_core.package_discovery:discover_packages(ignore) check parameters
[0.614s] Level 1:colcon.colcon_core.package_discovery:discover_packages(path) check parameters
[0.614s] Level 1:colcon.colcon_core.package_discovery:discover_packages(colcon_meta) discover
[0.614s] Level 1:colcon.colcon_core.package_discovery:discover_packages(recursive) discover
[0.614s] INFO:colcon.colcon_core.package_discovery:Crawling recursively for packages in '/daniel/Desktop/ur5-rl/ros2_ws'
[0.614s] Level 1:colcon.colcon_core.package_identification:_identify(.) by extensions ['ignore', 'ignore_ament_install']
[0.614s] Level 1:colcon.colcon_core.package_identification:_identify(.) by extension 'ignore'
[0.614s] Level 1:colcon.colcon_core.package_identification:_identify(.) by extension 'ignore_ament_install'
[0.614s] Level 1:colcon.colcon_core.package_identification:_identify(.) by extensions ['colcon_pkg']
[0.614s] Level 1:colcon.colcon_core.package_identification:_identify(.) by extension 'colcon_pkg'
[0.614s] Level 1:colcon.colcon_core.package_identification:_identify(.) by extensions ['colcon_meta']
[0.614s] Level 1:colcon.colcon_core.package_identification:_identify(.) by extension 'colcon_meta'
[0.615s] Level 1:colcon.colcon_core.package_identification:_identify(.) by extensions ['ros']
[0.615s] Level 1:colcon.colcon_core.package_identification:_identify(.) by extension 'ros'
[0.624s] Level 1:colcon.colcon_core.package_identification:_identify(.) by extensions ['cmake', 'python']
[0.624s] Level 1:colcon.colcon_core.package_identification:_identify(.) by extension 'cmake'
[0.624s] Level 1:colcon.colcon_core.package_identification:_identify(.) by extension 'python'
[0.624s] Level 1:colcon.colcon_core.package_identification:_identify(.) by extensions ['python_setup_py']
[0.624s] Level 1:colcon.colcon_core.package_identification:_identify(.) by extension 'python_setup_py'
[0.624s] Level 1:colcon.colcon_core.package_identification:_identify(build) by extensions ['ignore', 'ignore_ament_install']
[0.624s] Level 1:colcon.colcon_core.package_identification:_identify(build) by extension 'ignore'
[0.624s] Level 1:colcon.colcon_core.package_identification:_identify(build) ignored
[0.624s] Level 1:colcon.colcon_core.package_identification:_identify(install) by extensions ['ignore', 'ignore_ament_install']
[0.624s] Level 1:colcon.colcon_core.package_identification:_identify(install) by extension 'ignore'
[0.624s] Level 1:colcon.colcon_core.package_identification:_identify(install) ignored
[0.624s] Level 1:colcon.colcon_core.package_identification:_identify(log) by extensions ['ignore', 'ignore_ament_install']
[0.624s] Level 1:colcon.colcon_core.package_identification:_identify(log) by extension 'ignore'
[0.624s] Level 1:colcon.colcon_core.package_identification:_identify(log) ignored
[0.624s] Level 1:colcon.colcon_core.package_identification:_identify(src) by extensions ['ignore', 'ignore_ament_install']
[0.624s] Level 1:colcon.colcon_core.package_identification:_identify(src) by extension 'ignore'
[0.624s] Level 1:colcon.colcon_core.package_identification:_identify(src) by extension 'ignore_ament_install'
[0.624s] Level 1:colcon.colcon_core.package_identification:_identify(src) by extensions ['colcon_pkg']
[0.624s] Level 1:colcon.colcon_core.package_identification:_identify(src) by extension 'colcon_pkg'
[0.624s] Level 1:colcon.colcon_core.package_identification:_identify(src) by extensions ['colcon_meta']
[0.624s] Level 1:colcon.colcon_core.package_identification:_identify(src) by extension 'colcon_meta'
[0.624s] Level 1:colcon.colcon_core.package_identification:_identify(src) by extensions ['ros']
[0.624s] Level 1:colcon.colcon_core.package_identification:_identify(src) by extension 'ros'
[0.624s] Level 1:colcon.colcon_core.package_identification:_identify(src) by extensions ['cmake', 'python']
[0.624s] Level 1:colcon.colcon_core.package_identification:_identify(src) by extension 'cmake'
[0.624s] Level 1:colcon.colcon_core.package_identification:_identify(src) by extension 'python'
[0.624s] Level 1:colcon.colcon_core.package_identification:_identify(src) by extensions ['python_setup_py']
[0.624s] Level 1:colcon.colcon_core.package_identification:_identify(src) by extension 'python_setup_py'
[0.625s] Level 1:colcon.colcon_core.package_identification:_identify(src/Universal_Robots_ROS2_Description) by extensions ['ignore', 'ignore_ament_install']
[0.625s] Level 1:colcon.colcon_core.package_identification:_identify(src/Universal_Robots_ROS2_Description) by extension 'ignore'
[0.625s] Level 1:colcon.colcon_core.package_identification:_identify(src/Universal_Robots_ROS2_Description) by extension 'ignore_ament_install'
[0.625s] Level 1:colcon.colcon_core.package_identification:_identify(src/Universal_Robots_ROS2_Description) by extensions ['colcon_pkg']
[0.625s] Level 1:colcon.colcon_core.package_identification:_identify(src/Universal_Robots_ROS2_Description) by extension 'colcon_pkg'
[0.625s] Level 1:colcon.colcon_core.package_identification:_identify(src/Universal_Robots_ROS2_Description) by extensions ['colcon_meta']
[0.625s] Level 1:colcon.colcon_core.package_identification:_identify(src/Universal_Robots_ROS2_Description) by extension 'colcon_meta'
[0.625s] Level 1:colcon.colcon_core.package_identification:_identify(src/Universal_Robots_ROS2_Description) by extensions ['ros']
[0.625s] Level 1:colcon.colcon_core.package_identification:_identify(src/Universal_Robots_ROS2_Description) by extension 'ros'
[0.626s] DEBUG:colcon.colcon_core.package_identification:Package 'src/Universal_Robots_ROS2_Description' with type 'ros.ament_cmake' and name 'ur_description'
[0.626s] Level 1:colcon.colcon_core.package_identification:_identify(src/Universal_Robots_ROS2_Gazebo_Simulation) by extensions ['ignore', 'ignore_ament_install']
[0.626s] Level 1:colcon.colcon_core.package_identification:_identify(src/Universal_Robots_ROS2_Gazebo_Simulation) by extension 'ignore'
[0.626s] Level 1:colcon.colcon_core.package_identification:_identify(src/Universal_Robots_ROS2_Gazebo_Simulation) by extension 'ignore_ament_install'
[0.626s] Level 1:colcon.colcon_core.package_identification:_identify(src/Universal_Robots_ROS2_Gazebo_Simulation) by extensions ['colcon_pkg']
[0.626s] Level 1:colcon.colcon_core.package_identification:_identify(src/Universal_Robots_ROS2_Gazebo_Simulation) by extension 'colcon_pkg'
[0.626s] Level 1:colcon.colcon_core.package_identification:_identify(src/Universal_Robots_ROS2_Gazebo_Simulation) by extensions ['colcon_meta']
[0.626s] Level 1:colcon.colcon_core.package_identification:_identify(src/Universal_Robots_ROS2_Gazebo_Simulation) by extension 'colcon_meta'
[0.626s] Level 1:colcon.colcon_core.package_identification:_identify(src/Universal_Robots_ROS2_Gazebo_Simulation) by extensions ['ros']
[0.626s] Level 1:colcon.colcon_core.package_identification:_identify(src/Universal_Robots_ROS2_Gazebo_Simulation) by extension 'ros'
[0.626s] Level 1:colcon.colcon_core.package_identification:_identify(src/Universal_Robots_ROS2_Gazebo_Simulation) by extensions ['cmake', 'python']
[0.626s] Level 1:colcon.colcon_core.package_identification:_identify(src/Universal_Robots_ROS2_Gazebo_Simulation) by extension 'cmake'
[0.626s] Level 1:colcon.colcon_core.package_identification:_identify(src/Universal_Robots_ROS2_Gazebo_Simulation) by extension 'python'
[0.626s] Level 1:colcon.colcon_core.package_identification:_identify(src/Universal_Robots_ROS2_Gazebo_Simulation) by extensions ['python_setup_py']
[0.626s] Level 1:colcon.colcon_core.package_identification:_identify(src/Universal_Robots_ROS2_Gazebo_Simulation) by extension 'python_setup_py'
[0.626s] Level 1:colcon.colcon_core.package_identification:_identify(src/Universal_Robots_ROS2_Gazebo_Simulation/ur_simulation_gazebo) by extensions ['ignore', 'ignore_ament_install']
[0.627s] Level 1:colcon.colcon_core.package_identification:_identify(src/Universal_Robots_ROS2_Gazebo_Simulation/ur_simulation_gazebo) by extension 'ignore'
[0.627s] Level 1:colcon.colcon_core.package_identification:_identify(src/Universal_Robots_ROS2_Gazebo_Simulation/ur_simulation_gazebo) by extension 'ignore_ament_install'
[0.627s] Level 1:colcon.colcon_core.package_identification:_identify(src/Universal_Robots_ROS2_Gazebo_Simulation/ur_simulation_gazebo) by extensions ['colcon_pkg']
[0.627s] Level 1:colcon.colcon_core.package_identification:_identify(src/Universal_Robots_ROS2_Gazebo_Simulation/ur_simulation_gazebo) by extension 'colcon_pkg'
[0.627s] Level 1:colcon.colcon_core.package_identification:_identify(src/Universal_Robots_ROS2_Gazebo_Simulation/ur_simulation_gazebo) by extensions ['colcon_meta']
[0.627s] Level 1:colcon.colcon_core.package_identification:_identify(src/Universal_Robots_ROS2_Gazebo_Simulation/ur_simulation_gazebo) by extension 'colcon_meta'
[0.627s] Level 1:colcon.colcon_core.package_identification:_identify(src/Universal_Robots_ROS2_Gazebo_Simulation/ur_simulation_gazebo) by extensions ['ros']
[0.627s] Level 1:colcon.colcon_core.package_identification:_identify(src/Universal_Robots_ROS2_Gazebo_Simulation/ur_simulation_gazebo) by extension 'ros'
[0.627s] DEBUG:colcon.colcon_core.package_identification:Package 'src/Universal_Robots_ROS2_Gazebo_Simulation/ur_simulation_gazebo' with type 'ros.ament_cmake' and name 'ur_simulation_gazebo'
[0.627s] Level 1:colcon.colcon_core.package_identification:_identify(src/ur_msgs) by extensions ['ignore', 'ignore_ament_install']
[0.627s] Level 1:colcon.colcon_core.package_identification:_identify(src/ur_msgs) by extension 'ignore'
[0.627s] Level 1:colcon.colcon_core.package_identification:_identify(src/ur_msgs) by extension 'ignore_ament_install'
[0.627s] Level 1:colcon.colcon_core.package_identification:_identify(src/ur_msgs) by extensions ['colcon_pkg']
[0.627s] Level 1:colcon.colcon_core.package_identification:_identify(src/ur_msgs) by extension 'colcon_pkg'
[0.627s] Level 1:colcon.colcon_core.package_identification:_identify(src/ur_msgs) by extensions ['colcon_meta']
[0.627s] Level 1:colcon.colcon_core.package_identification:_identify(src/ur_msgs) by extension 'colcon_meta'
[0.627s] Level 1:colcon.colcon_core.package_identification:_identify(src/ur_msgs) by extensions ['ros']
[0.627s] Level 1:colcon.colcon_core.package_identification:_identify(src/ur_msgs) by extension 'ros'
[0.628s] DEBUG:colcon.colcon_core.package_identification:Package 'src/ur_msgs' with type 'ros.ament_cmake' and name 'ur_msgs'
[0.628s] Level 1:colcon.colcon_core.package_discovery:discover_packages(recursive) using defaults
[0.628s] Level 1:colcon.colcon_core.package_discovery:discover_packages(ignore) discover
[0.628s] Level 1:colcon.colcon_core.package_discovery:discover_packages(ignore) using defaults
[0.628s] Level 1:colcon.colcon_core.package_discovery:discover_packages(path) discover
[0.628s] Level 1:colcon.colcon_core.package_discovery:discover_packages(path) using defaults
[0.665s] Level 5:colcon.colcon_core.verb:set package 'ur_description' build argument 'cmake_args' from command line to 'None'
[0.665s] Level 5:colcon.colcon_core.verb:set package 'ur_description' build argument 'cmake_target' from command line to 'None'
[0.665s] Level 5:colcon.colcon_core.verb:set package 'ur_description' build argument 'cmake_target_skip_unavailable' from command line to 'False'
[0.665s] Level 5:colcon.colcon_core.verb:set package 'ur_description' build argument 'cmake_clean_cache' from command line to 'False'
[0.665s] Level 5:colcon.colcon_core.verb:set package 'ur_description' build argument 'cmake_clean_first' from command line to 'False'
[0.665s] Level 5:colcon.colcon_core.verb:set package 'ur_description' build argument 'cmake_force_configure' from command line to 'False'
[0.665s] Level 5:colcon.colcon_core.verb:set package 'ur_description' build argument 'ament_cmake_args' from command line to 'None'
[0.665s] Level 5:colcon.colcon_core.verb:set package 'ur_description' build argument 'catkin_cmake_args' from command line to 'None'
[0.665s] Level 5:colcon.colcon_core.verb:set package 'ur_description' build argument 'catkin_skip_building_tests' from command line to 'False'
[0.665s] DEBUG:colcon.colcon_core.verb:Building package 'ur_description' with the following arguments: {'ament_cmake_args': None, 'build_base': '/daniel/Desktop/ur5-rl/ros2_ws/build/ur_description', 'catkin_cmake_args': None, 'catkin_skip_building_tests': False, 'cmake_args': None, 'cmake_clean_cache': False, 'cmake_clean_first': False, 'cmake_force_configure': False, 'cmake_target': None, 'cmake_target_skip_unavailable': False, 'install_base': '/daniel/Desktop/ur5-rl/ros2_ws/install/ur_description', 'merge_install': False, 'path': '/daniel/Desktop/ur5-rl/ros2_ws/src/Universal_Robots_ROS2_Description', 'symlink_install': False, 'test_result_base': None}
[0.673s] Level 5:colcon.colcon_core.verb:set package 'ur_msgs' build argument 'cmake_args' from command line to 'None'
[0.673s] Level 5:colcon.colcon_core.verb:set package 'ur_msgs' build argument 'cmake_target' from command line to 'None'
[0.673s] Level 5:colcon.colcon_core.verb:set package 'ur_msgs' build argument 'cmake_target_skip_unavailable' from command line to 'False'
[0.673s] Level 5:colcon.colcon_core.verb:set package 'ur_msgs' build argument 'cmake_clean_cache' from command line to 'False'
[0.673s] Level 5:colcon.colcon_core.verb:set package 'ur_msgs' build argument 'cmake_clean_first' from command line to 'False'
[0.673s] Level 5:colcon.colcon_core.verb:set package 'ur_msgs' build argument 'cmake_force_configure' from command line to 'False'
[0.673s] Level 5:colcon.colcon_core.verb:set package 'ur_msgs' build argument 'ament_cmake_args' from command line to 'None'
[0.673s] Level 5:colcon.colcon_core.verb:set package 'ur_msgs' build argument 'catkin_cmake_args' from command line to 'None'
[0.673s] Level 5:colcon.colcon_core.verb:set package 'ur_msgs' build argument 'catkin_skip_building_tests' from command line to 'False'
[0.673s] DEBUG:colcon.colcon_core.verb:Building package 'ur_msgs' with the following arguments: {'ament_cmake_args': None, 'build_base': '/daniel/Desktop/ur5-rl/ros2_ws/build/ur_msgs', 'catkin_cmake_args': None, 'catkin_skip_building_tests': False, 'cmake_args': None, 'cmake_clean_cache': False, 'cmake_clean_first': False, 'cmake_force_configure': False, 'cmake_target': None, 'cmake_target_skip_unavailable': False, 'install_base': '/daniel/Desktop/ur5-rl/ros2_ws/install/ur_msgs', 'merge_install': False, 'path': '/daniel/Desktop/ur5-rl/ros2_ws/src/ur_msgs', 'symlink_install': False, 'test_result_base': None}
[0.679s] Level 5:colcon.colcon_core.verb:set package 'ur_simulation_gazebo' build argument 'cmake_args' from command line to 'None'
[0.679s] Level 5:colcon.colcon_core.verb:set package 'ur_simulation_gazebo' build argument 'cmake_target' from command line to 'None'
[0.679s] Level 5:colcon.colcon_core.verb:set package 'ur_simulation_gazebo' build argument 'cmake_target_skip_unavailable' from command line to 'False'
[0.679s] Level 5:colcon.colcon_core.verb:set package 'ur_simulation_gazebo' build argument 'cmake_clean_cache' from command line to 'False'
[0.679s] Level 5:colcon.colcon_core.verb:set package 'ur_simulation_gazebo' build argument 'cmake_clean_first' from command line to 'False'
[0.680s] Level 5:colcon.colcon_core.verb:set package 'ur_simulation_gazebo' build argument 'cmake_force_configure' from command line to 'False'
[0.680s] Level 5:colcon.colcon_core.verb:set package 'ur_simulation_gazebo' build argument 'ament_cmake_args' from command line to 'None'
[0.680s] Level 5:colcon.colcon_core.verb:set package 'ur_simulation_gazebo' build argument 'catkin_cmake_args' from command line to 'None'
[0.680s] Level 5:colcon.colcon_core.verb:set package 'ur_simulation_gazebo' build argument 'catkin_skip_building_tests' from command line to 'False'
[0.680s] DEBUG:colcon.colcon_core.verb:Building package 'ur_simulation_gazebo' with the following arguments: {'ament_cmake_args': None, 'build_base': '/daniel/Desktop/ur5-rl/ros2_ws/build/ur_simulation_gazebo', 'catkin_cmake_args': None, 'catkin_skip_building_tests': False, 'cmake_args': None, 'cmake_clean_cache': False, 'cmake_clean_first': False, 'cmake_force_configure': False, 'cmake_target': None, 'cmake_target_skip_unavailable': False, 'install_base': '/daniel/Desktop/ur5-rl/ros2_ws/install/ur_simulation_gazebo', 'merge_install': False, 'path': '/daniel/Desktop/ur5-rl/ros2_ws/src/Universal_Robots_ROS2_Gazebo_Simulation/ur_simulation_gazebo', 'symlink_install': False, 'test_result_base': None}
[0.686s] INFO:colcon.colcon_core.executor:Executing jobs using 'parallel' executor
[0.693s] DEBUG:colcon.colcon_parallel_executor.executor.parallel:run_until_complete
[0.694s] INFO:colcon.colcon_ros.task.ament_cmake.build:Building ROS package in '/daniel/Desktop/ur5-rl/ros2_ws/src/Universal_Robots_ROS2_Description' with build type 'ament_cmake'
[0.694s] INFO:colcon.colcon_cmake.task.cmake.build:Building CMake package in '/daniel/Desktop/ur5-rl/ros2_ws/src/Universal_Robots_ROS2_Description'
[0.702s] INFO:colcon.colcon_core.plugin_system:Skipping extension 'colcon_core.shell.bat': Not used on non-Windows systems
[0.702s] INFO:colcon.colcon_core.shell:Skip shell extension 'powershell' for command environment: Not usable outside of PowerShell
[0.702s] DEBUG:colcon.colcon_core.shell:Skip shell extension 'dsv' for command environment
[0.725s] INFO:colcon.colcon_ros.task.ament_cmake.build:Building ROS package in '/daniel/Desktop/ur5-rl/ros2_ws/src/ur_msgs' with build type 'ament_cmake'
[0.725s] INFO:colcon.colcon_cmake.task.cmake.build:Building CMake package in '/daniel/Desktop/ur5-rl/ros2_ws/src/ur_msgs'
[0.731s] INFO:colcon.colcon_core.shell:Skip shell extension 'powershell' for command environment: Not usable outside of PowerShell
[0.731s] DEBUG:colcon.colcon_core.shell:Skip shell extension 'dsv' for command environment
[0.753s] DEBUG:colcon.colcon_core.event_handler.log_command:Invoking command in '/daniel/Desktop/ur5-rl/ros2_ws/build/ur_description': CMAKE_PREFIX_PATH=${CMAKE_PREFIX_PATH}:/opt/ros/humble /usr/bin/cmake /daniel/Desktop/ur5-rl/ros2_ws/src/Universal_Robots_ROS2_Description -DCMAKE_INSTALL_PREFIX=/daniel/Desktop/ur5-rl/ros2_ws/install/ur_description
[0.755s] DEBUG:colcon.colcon_core.event_handler.log_command:Invoking command in '/daniel/Desktop/ur5-rl/ros2_ws/build/ur_msgs': CMAKE_PREFIX_PATH=${CMAKE_PREFIX_PATH}:/opt/ros/humble /usr/bin/cmake --build /daniel/Desktop/ur5-rl/ros2_ws/build/ur_msgs -- -j12 -l12
[0.950s] DEBUG:colcon.colcon_core.event_handler.log_command:Invoked command in '/daniel/Desktop/ur5-rl/ros2_ws/build/ur_msgs' returned '0': CMAKE_PREFIX_PATH=${CMAKE_PREFIX_PATH}:/opt/ros/humble /usr/bin/cmake --build /daniel/Desktop/ur5-rl/ros2_ws/build/ur_msgs -- -j12 -l12
[1.118s] DEBUG:colcon.colcon_core.event_handler.log_command:Invoking command in '/daniel/Desktop/ur5-rl/ros2_ws/build/ur_msgs': CMAKE_PREFIX_PATH=${CMAKE_PREFIX_PATH}:/opt/ros/humble /usr/bin/cmake --install /daniel/Desktop/ur5-rl/ros2_ws/build/ur_msgs
[1.153s] Level 1:colcon.colcon_core.environment:create_environment_scripts_only(ur_msgs)
[1.153s] DEBUG:colcon.colcon_core.event_handler.log_command:Invoked command in '/daniel/Desktop/ur5-rl/ros2_ws/build/ur_msgs' returned '0': CMAKE_PREFIX_PATH=${CMAKE_PREFIX_PATH}:/opt/ros/humble /usr/bin/cmake --install /daniel/Desktop/ur5-rl/ros2_ws/build/ur_msgs
[1.161s] Level 1:colcon.colcon_core.environment:checking '/daniel/Desktop/ur5-rl/ros2_ws/install/ur_msgs' for CMake module files
[1.162s] Level 1:colcon.colcon_core.environment:checking '/daniel/Desktop/ur5-rl/ros2_ws/install/ur_msgs' for CMake config files
[1.162s] Level 1:colcon.colcon_core.shell:create_environment_hook('ur_msgs', 'cmake_prefix_path')
[1.169s] INFO:colcon.colcon_core.shell:Creating environment hook '/daniel/Desktop/ur5-rl/ros2_ws/install/ur_msgs/share/ur_msgs/hook/cmake_prefix_path.ps1'
[1.169s] INFO:colcon.colcon_core.shell:Creating environment descriptor '/daniel/Desktop/ur5-rl/ros2_ws/install/ur_msgs/share/ur_msgs/hook/cmake_prefix_path.dsv'
[1.169s] INFO:colcon.colcon_core.shell:Creating environment hook '/daniel/Desktop/ur5-rl/ros2_ws/install/ur_msgs/share/ur_msgs/hook/cmake_prefix_path.sh'
[1.170s] Level 1:colcon.colcon_core.environment:checking '/daniel/Desktop/ur5-rl/ros2_ws/install/ur_msgs/lib'
[1.170s] Level 1:colcon.colcon_core.shell:create_environment_hook('ur_msgs', 'ld_library_path_lib')
[1.176s] INFO:colcon.colcon_core.shell:Creating environment hook '/daniel/Desktop/ur5-rl/ros2_ws/install/ur_msgs/share/ur_msgs/hook/ld_library_path_lib.ps1'
[1.177s] INFO:colcon.colcon_core.shell:Creating environment descriptor '/daniel/Desktop/ur5-rl/ros2_ws/install/ur_msgs/share/ur_msgs/hook/ld_library_path_lib.dsv'
[1.177s] INFO:colcon.colcon_core.shell:Creating environment hook '/daniel/Desktop/ur5-rl/ros2_ws/install/ur_msgs/share/ur_msgs/hook/ld_library_path_lib.sh'
[1.177s] Level 1:colcon.colcon_core.environment:checking '/daniel/Desktop/ur5-rl/ros2_ws/install/ur_msgs/bin'
[1.177s] Level 1:colcon.colcon_core.environment:checking '/daniel/Desktop/ur5-rl/ros2_ws/install/ur_msgs/lib/pkgconfig/ur_msgs.pc'
[1.178s] Level 1:colcon.colcon_core.environment:checking '/daniel/Desktop/ur5-rl/ros2_ws/install/ur_msgs/lib/python3.10/site-packages'
[1.178s] Level 1:colcon.colcon_core.environment:checking '/daniel/Desktop/ur5-rl/ros2_ws/install/ur_msgs/bin'
[1.185s] INFO:colcon.colcon_core.shell:Creating package script '/daniel/Desktop/ur5-rl/ros2_ws/install/ur_msgs/share/ur_msgs/package.ps1'
[1.185s] INFO:colcon.colcon_core.shell:Creating package descriptor '/daniel/Desktop/ur5-rl/ros2_ws/install/ur_msgs/share/ur_msgs/package.dsv'
[1.185s] INFO:colcon.colcon_core.shell:Creating package script '/daniel/Desktop/ur5-rl/ros2_ws/install/ur_msgs/share/ur_msgs/package.sh'
[1.186s] INFO:colcon.colcon_core.shell:Creating package script '/daniel/Desktop/ur5-rl/ros2_ws/install/ur_msgs/share/ur_msgs/package.bash'
[1.186s] INFO:colcon.colcon_core.shell:Creating package script '/daniel/Desktop/ur5-rl/ros2_ws/install/ur_msgs/share/ur_msgs/package.zsh'
[1.186s] Level 1:colcon.colcon_core.environment:create_file_with_runtime_dependencies(/daniel/Desktop/ur5-rl/ros2_ws/install/ur_msgs/share/colcon-core/packages/ur_msgs)
[1.352s] Level 1:colcon.colcon_core.environment:create_environment_scripts_only(ur_msgs)
[1.359s] Level 1:colcon.colcon_core.environment:checking '/daniel/Desktop/ur5-rl/ros2_ws/install/ur_msgs' for CMake module files
[1.359s] Level 1:colcon.colcon_core.environment:checking '/daniel/Desktop/ur5-rl/ros2_ws/install/ur_msgs' for CMake config files
[1.359s] Level 1:colcon.colcon_core.shell:create_environment_hook('ur_msgs', 'cmake_prefix_path')
[1.366s] INFO:colcon.colcon_core.shell:Creating environment hook '/daniel/Desktop/ur5-rl/ros2_ws/install/ur_msgs/share/ur_msgs/hook/cmake_prefix_path.ps1'
[1.366s] INFO:colcon.colcon_core.shell:Creating environment descriptor '/daniel/Desktop/ur5-rl/ros2_ws/install/ur_msgs/share/ur_msgs/hook/cmake_prefix_path.dsv'
[1.366s] INFO:colcon.colcon_core.shell:Creating environment hook '/daniel/Desktop/ur5-rl/ros2_ws/install/ur_msgs/share/ur_msgs/hook/cmake_prefix_path.sh'
[1.366s] Level 1:colcon.colcon_core.environment:checking '/daniel/Desktop/ur5-rl/ros2_ws/install/ur_msgs/lib'
[1.366s] Level 1:colcon.colcon_core.shell:create_environment_hook('ur_msgs', 'ld_library_path_lib')
[1.373s] INFO:colcon.colcon_core.shell:Creating environment hook '/daniel/Desktop/ur5-rl/ros2_ws/install/ur_msgs/share/ur_msgs/hook/ld_library_path_lib.ps1'
[1.373s] INFO:colcon.colcon_core.shell:Creating environment descriptor '/daniel/Desktop/ur5-rl/ros2_ws/install/ur_msgs/share/ur_msgs/hook/ld_library_path_lib.dsv'
[1.373s] INFO:colcon.colcon_core.shell:Creating environment hook '/daniel/Desktop/ur5-rl/ros2_ws/install/ur_msgs/share/ur_msgs/hook/ld_library_path_lib.sh'
[1.373s] Level 1:colcon.colcon_core.environment:checking '/daniel/Desktop/ur5-rl/ros2_ws/install/ur_msgs/bin'
[1.374s] Level 1:colcon.colcon_core.environment:checking '/daniel/Desktop/ur5-rl/ros2_ws/install/ur_msgs/lib/pkgconfig/ur_msgs.pc'
[1.374s] Level 1:colcon.colcon_core.environment:checking '/daniel/Desktop/ur5-rl/ros2_ws/install/ur_msgs/lib/python3.10/site-packages'
[1.374s] Level 1:colcon.colcon_core.environment:checking '/daniel/Desktop/ur5-rl/ros2_ws/install/ur_msgs/bin'
[1.380s] INFO:colcon.colcon_core.shell:Creating package script '/daniel/Desktop/ur5-rl/ros2_ws/install/ur_msgs/share/ur_msgs/package.ps1'
[1.380s] INFO:colcon.colcon_core.shell:Creating package descriptor '/daniel/Desktop/ur5-rl/ros2_ws/install/ur_msgs/share/ur_msgs/package.dsv'
[1.381s] INFO:colcon.colcon_core.shell:Creating package script '/daniel/Desktop/ur5-rl/ros2_ws/install/ur_msgs/share/ur_msgs/package.sh'
[1.381s] INFO:colcon.colcon_core.shell:Creating package script '/daniel/Desktop/ur5-rl/ros2_ws/install/ur_msgs/share/ur_msgs/package.bash'
[1.381s] INFO:colcon.colcon_core.shell:Creating package script '/daniel/Desktop/ur5-rl/ros2_ws/install/ur_msgs/share/ur_msgs/package.zsh'
[1.381s] Level 1:colcon.colcon_core.environment:create_file_with_runtime_dependencies(/daniel/Desktop/ur5-rl/ros2_ws/install/ur_msgs/share/colcon-core/packages/ur_msgs)
[1.417s] DEBUG:colcon.colcon_core.event_handler.log_command:Invoked command in '/daniel/Desktop/ur5-rl/ros2_ws/build/ur_description' returned '0': CMAKE_PREFIX_PATH=${CMAKE_PREFIX_PATH}:/opt/ros/humble /usr/bin/cmake /daniel/Desktop/ur5-rl/ros2_ws/src/Universal_Robots_ROS2_Description -DCMAKE_INSTALL_PREFIX=/daniel/Desktop/ur5-rl/ros2_ws/install/ur_description
[1.417s] DEBUG:colcon.colcon_core.event_handler.log_command:Invoking command in '/daniel/Desktop/ur5-rl/ros2_ws/build/ur_description': CMAKE_PREFIX_PATH=${CMAKE_PREFIX_PATH}:/opt/ros/humble /usr/bin/cmake --build /daniel/Desktop/ur5-rl/ros2_ws/build/ur_description -- -j12 -l12
[1.444s] DEBUG:colcon.colcon_core.event_handler.log_command:Invoked command in '/daniel/Desktop/ur5-rl/ros2_ws/build/ur_description' returned '0': CMAKE_PREFIX_PATH=${CMAKE_PREFIX_PATH}:/opt/ros/humble /usr/bin/cmake --build /daniel/Desktop/ur5-rl/ros2_ws/build/ur_description -- -j12 -l12
[1.459s] DEBUG:colcon.colcon_core.event_handler.log_command:Invoking command in '/daniel/Desktop/ur5-rl/ros2_ws/build/ur_description': CMAKE_PREFIX_PATH=${CMAKE_PREFIX_PATH}:/opt/ros/humble /usr/bin/cmake --install /daniel/Desktop/ur5-rl/ros2_ws/build/ur_description
[1.548s] Level 1:colcon.colcon_core.environment:create_environment_scripts_only(ur_description)
[1.549s] DEBUG:colcon.colcon_core.event_handler.log_command:Invoked command in '/daniel/Desktop/ur5-rl/ros2_ws/build/ur_description' returned '0': CMAKE_PREFIX_PATH=${CMAKE_PREFIX_PATH}:/opt/ros/humble /usr/bin/cmake --install /daniel/Desktop/ur5-rl/ros2_ws/build/ur_description
[1.556s] Level 1:colcon.colcon_core.environment:checking '/daniel/Desktop/ur5-rl/ros2_ws/install/ur_description' for CMake module files
[1.556s] Level 1:colcon.colcon_core.environment:checking '/daniel/Desktop/ur5-rl/ros2_ws/install/ur_description' for CMake config files
[1.556s] Level 1:colcon.colcon_core.shell:create_environment_hook('ur_description', 'cmake_prefix_path')
[1.563s] INFO:colcon.colcon_core.shell:Creating environment hook '/daniel/Desktop/ur5-rl/ros2_ws/install/ur_description/share/ur_description/hook/cmake_prefix_path.ps1'
[1.563s] INFO:colcon.colcon_core.shell:Creating environment descriptor '/daniel/Desktop/ur5-rl/ros2_ws/install/ur_description/share/ur_description/hook/cmake_prefix_path.dsv'
[1.563s] INFO:colcon.colcon_core.shell:Creating environment hook '/daniel/Desktop/ur5-rl/ros2_ws/install/ur_description/share/ur_description/hook/cmake_prefix_path.sh'
[1.563s] Level 1:colcon.colcon_core.environment:checking '/daniel/Desktop/ur5-rl/ros2_ws/install/ur_description/bin'
[1.563s] Level 1:colcon.colcon_core.environment:checking '/daniel/Desktop/ur5-rl/ros2_ws/install/ur_description/lib/pkgconfig/ur_description.pc'
[1.563s] Level 1:colcon.colcon_core.environment:checking '/daniel/Desktop/ur5-rl/ros2_ws/install/ur_description/lib/python3.10/site-packages'
[1.564s] Level 1:colcon.colcon_core.environment:checking '/daniel/Desktop/ur5-rl/ros2_ws/install/ur_description/bin'
[1.570s] INFO:colcon.colcon_core.shell:Creating package script '/daniel/Desktop/ur5-rl/ros2_ws/install/ur_description/share/ur_description/package.ps1'
[1.570s] INFO:colcon.colcon_core.shell:Creating package descriptor '/daniel/Desktop/ur5-rl/ros2_ws/install/ur_description/share/ur_description/package.dsv'
[1.570s] INFO:colcon.colcon_core.shell:Creating package script '/daniel/Desktop/ur5-rl/ros2_ws/install/ur_description/share/ur_description/package.sh'
[1.570s] INFO:colcon.colcon_core.shell:Creating package script '/daniel/Desktop/ur5-rl/ros2_ws/install/ur_description/share/ur_description/package.bash'
[1.571s] INFO:colcon.colcon_core.shell:Creating package script '/daniel/Desktop/ur5-rl/ros2_ws/install/ur_description/share/ur_description/package.zsh'
[1.571s] Level 1:colcon.colcon_core.environment:create_file_with_runtime_dependencies(/daniel/Desktop/ur5-rl/ros2_ws/install/ur_description/share/colcon-core/packages/ur_description)
[1.594s] Level 1:colcon.colcon_core.environment:create_environment_scripts_only(ur_description)
[1.600s] Level 1:colcon.colcon_core.environment:checking '/daniel/Desktop/ur5-rl/ros2_ws/install/ur_description' for CMake module files
[1.601s] Level 1:colcon.colcon_core.environment:checking '/daniel/Desktop/ur5-rl/ros2_ws/install/ur_description' for CMake config files
[1.601s] Level 1:colcon.colcon_core.shell:create_environment_hook('ur_description', 'cmake_prefix_path')
[1.607s] INFO:colcon.colcon_core.shell:Creating environment hook '/daniel/Desktop/ur5-rl/ros2_ws/install/ur_description/share/ur_description/hook/cmake_prefix_path.ps1'
[1.608s] INFO:colcon.colcon_core.shell:Creating environment descriptor '/daniel/Desktop/ur5-rl/ros2_ws/install/ur_description/share/ur_description/hook/cmake_prefix_path.dsv'
[1.608s] INFO:colcon.colcon_core.shell:Creating environment hook '/daniel/Desktop/ur5-rl/ros2_ws/install/ur_description/share/ur_description/hook/cmake_prefix_path.sh'
[1.608s] Level 1:colcon.colcon_core.environment:checking '/daniel/Desktop/ur5-rl/ros2_ws/install/ur_description/bin'
[1.608s] Level 1:colcon.colcon_core.environment:checking '/daniel/Desktop/ur5-rl/ros2_ws/install/ur_description/lib/pkgconfig/ur_description.pc'
[1.608s] Level 1:colcon.colcon_core.environment:checking '/daniel/Desktop/ur5-rl/ros2_ws/install/ur_description/lib/python3.10/site-packages'
[1.608s] Level 1:colcon.colcon_core.environment:checking '/daniel/Desktop/ur5-rl/ros2_ws/install/ur_description/bin'
[1.615s] INFO:colcon.colcon_core.shell:Creating package script '/daniel/Desktop/ur5-rl/ros2_ws/install/ur_description/share/ur_description/package.ps1'
[1.615s] INFO:colcon.colcon_core.shell:Creating package descriptor '/daniel/Desktop/ur5-rl/ros2_ws/install/ur_description/share/ur_description/package.dsv'
[1.615s] INFO:colcon.colcon_core.shell:Creating package script '/daniel/Desktop/ur5-rl/ros2_ws/install/ur_description/share/ur_description/package.sh'
[1.615s] INFO:colcon.colcon_core.shell:Creating package script '/daniel/Desktop/ur5-rl/ros2_ws/install/ur_description/share/ur_description/package.bash'
[1.615s] INFO:colcon.colcon_core.shell:Creating package script '/daniel/Desktop/ur5-rl/ros2_ws/install/ur_description/share/ur_description/package.zsh'
[1.616s] Level 1:colcon.colcon_core.environment:create_file_with_runtime_dependencies(/daniel/Desktop/ur5-rl/ros2_ws/install/ur_description/share/colcon-core/packages/ur_description)
[1.616s] INFO:colcon.colcon_ros.task.ament_cmake.build:Building ROS package in '/daniel/Desktop/ur5-rl/ros2_ws/src/Universal_Robots_ROS2_Gazebo_Simulation/ur_simulation_gazebo' with build type 'ament_cmake'
[1.616s] INFO:colcon.colcon_cmake.task.cmake.build:Building CMake package in '/daniel/Desktop/ur5-rl/ros2_ws/src/Universal_Robots_ROS2_Gazebo_Simulation/ur_simulation_gazebo'
[1.623s] INFO:colcon.colcon_core.shell:Skip shell extension 'powershell' for command environment: Not usable outside of PowerShell
[1.623s] DEBUG:colcon.colcon_core.shell:Skip shell extension 'dsv' for command environment
[1.648s] DEBUG:colcon.colcon_core.event_handler.log_command:Invoking command in '/daniel/Desktop/ur5-rl/ros2_ws/build/ur_simulation_gazebo': AMENT_PREFIX_PATH=/daniel/Desktop/ur5-rl/ros2_ws/install/ur_description:${AMENT_PREFIX_PATH} CMAKE_PREFIX_PATH=/daniel/Desktop/ur5-rl/ros2_ws/install/ur_description:/daniel/Desktop/ur5-rl/ros2_ws/install/ur_simulation_gazebo:/daniel/Desktop/ur5-rl/ros2_ws/install/ur_msgs:/opt/ros/humble /usr/bin/cmake --build /daniel/Desktop/ur5-rl/ros2_ws/build/ur_simulation_gazebo -- -j12 -l12
[1.673s] DEBUG:colcon.colcon_core.event_handler.log_command:Invoked command in '/daniel/Desktop/ur5-rl/ros2_ws/build/ur_simulation_gazebo' returned '0': AMENT_PREFIX_PATH=/daniel/Desktop/ur5-rl/ros2_ws/install/ur_description:${AMENT_PREFIX_PATH} CMAKE_PREFIX_PATH=/daniel/Desktop/ur5-rl/ros2_ws/install/ur_description:/daniel/Desktop/ur5-rl/ros2_ws/install/ur_simulation_gazebo:/daniel/Desktop/ur5-rl/ros2_ws/install/ur_msgs:/opt/ros/humble /usr/bin/cmake --build /daniel/Desktop/ur5-rl/ros2_ws/build/ur_simulation_gazebo -- -j12 -l12
[1.688s] DEBUG:colcon.colcon_core.event_handler.log_command:Invoking command in '/daniel/Desktop/ur5-rl/ros2_ws/build/ur_simulation_gazebo': AMENT_PREFIX_PATH=/daniel/Desktop/ur5-rl/ros2_ws/install/ur_description:${AMENT_PREFIX_PATH} CMAKE_PREFIX_PATH=/daniel/Desktop/ur5-rl/ros2_ws/install/ur_description:/daniel/Desktop/ur5-rl/ros2_ws/install/ur_simulation_gazebo:/daniel/Desktop/ur5-rl/ros2_ws/install/ur_msgs:/opt/ros/humble /usr/bin/cmake --install /daniel/Desktop/ur5-rl/ros2_ws/build/ur_simulation_gazebo
[1.694s] Level 1:colcon.colcon_core.environment:create_environment_scripts_only(ur_simulation_gazebo)
[1.694s] DEBUG:colcon.colcon_core.event_handler.log_command:Invoked command in '/daniel/Desktop/ur5-rl/ros2_ws/build/ur_simulation_gazebo' returned '0': AMENT_PREFIX_PATH=/daniel/Desktop/ur5-rl/ros2_ws/install/ur_description:${AMENT_PREFIX_PATH} CMAKE_PREFIX_PATH=/daniel/Desktop/ur5-rl/ros2_ws/install/ur_description:/daniel/Desktop/ur5-rl/ros2_ws/install/ur_simulation_gazebo:/daniel/Desktop/ur5-rl/ros2_ws/install/ur_msgs:/opt/ros/humble /usr/bin/cmake --install /daniel/Desktop/ur5-rl/ros2_ws/build/ur_simulation_gazebo
[1.701s] Level 1:colcon.colcon_core.environment:checking '/daniel/Desktop/ur5-rl/ros2_ws/install/ur_simulation_gazebo' for CMake module files
[1.701s] Level 1:colcon.colcon_core.environment:checking '/daniel/Desktop/ur5-rl/ros2_ws/install/ur_simulation_gazebo' for CMake config files
[1.701s] Level 1:colcon.colcon_core.shell:create_environment_hook('ur_simulation_gazebo', 'cmake_prefix_path')
[1.708s] INFO:colcon.colcon_core.shell:Creating environment hook '/daniel/Desktop/ur5-rl/ros2_ws/install/ur_simulation_gazebo/share/ur_simulation_gazebo/hook/cmake_prefix_path.ps1'
[1.708s] INFO:colcon.colcon_core.shell:Creating environment descriptor '/daniel/Desktop/ur5-rl/ros2_ws/install/ur_simulation_gazebo/share/ur_simulation_gazebo/hook/cmake_prefix_path.dsv'
[1.708s] INFO:colcon.colcon_core.shell:Creating environment hook '/daniel/Desktop/ur5-rl/ros2_ws/install/ur_simulation_gazebo/share/ur_simulation_gazebo/hook/cmake_prefix_path.sh'
[1.708s] Level 1:colcon.colcon_core.environment:checking '/daniel/Desktop/ur5-rl/ros2_ws/install/ur_simulation_gazebo/bin'
[1.708s] Level 1:colcon.colcon_core.environment:checking '/daniel/Desktop/ur5-rl/ros2_ws/install/ur_simulation_gazebo/lib/pkgconfig/ur_simulation_gazebo.pc'
[1.708s] Level 1:colcon.colcon_core.environment:checking '/daniel/Desktop/ur5-rl/ros2_ws/install/ur_simulation_gazebo/lib/python3.10/site-packages'
[1.709s] Level 1:colcon.colcon_core.environment:checking '/daniel/Desktop/ur5-rl/ros2_ws/install/ur_simulation_gazebo/bin'
[1.715s] INFO:colcon.colcon_core.shell:Creating package script '/daniel/Desktop/ur5-rl/ros2_ws/install/ur_simulation_gazebo/share/ur_simulation_gazebo/package.ps1'
[1.715s] INFO:colcon.colcon_core.shell:Creating package descriptor '/daniel/Desktop/ur5-rl/ros2_ws/install/ur_simulation_gazebo/share/ur_simulation_gazebo/package.dsv'
[1.715s] INFO:colcon.colcon_core.shell:Creating package script '/daniel/Desktop/ur5-rl/ros2_ws/install/ur_simulation_gazebo/share/ur_simulation_gazebo/package.sh'
[1.716s] INFO:colcon.colcon_core.shell:Creating package script '/daniel/Desktop/ur5-rl/ros2_ws/install/ur_simulation_gazebo/share/ur_simulation_gazebo/package.bash'
[1.716s] INFO:colcon.colcon_core.shell:Creating package script '/daniel/Desktop/ur5-rl/ros2_ws/install/ur_simulation_gazebo/share/ur_simulation_gazebo/package.zsh'
[1.716s] Level 1:colcon.colcon_core.environment:create_file_with_runtime_dependencies(/daniel/Desktop/ur5-rl/ros2_ws/install/ur_simulation_gazebo/share/colcon-core/packages/ur_simulation_gazebo)
[1.737s] Level 1:colcon.colcon_core.environment:create_environment_scripts_only(ur_simulation_gazebo)
[1.744s] Level 1:colcon.colcon_core.environment:checking '/daniel/Desktop/ur5-rl/ros2_ws/install/ur_simulation_gazebo' for CMake module files
[1.744s] Level 1:colcon.colcon_core.environment:checking '/daniel/Desktop/ur5-rl/ros2_ws/install/ur_simulation_gazebo' for CMake config files
[1.744s] Level 1:colcon.colcon_core.shell:create_environment_hook('ur_simulation_gazebo', 'cmake_prefix_path')
[1.750s] INFO:colcon.colcon_core.shell:Creating environment hook '/daniel/Desktop/ur5-rl/ros2_ws/install/ur_simulation_gazebo/share/ur_simulation_gazebo/hook/cmake_prefix_path.ps1'
[1.750s] INFO:colcon.colcon_core.shell:Creating environment descriptor '/daniel/Desktop/ur5-rl/ros2_ws/install/ur_simulation_gazebo/share/ur_simulation_gazebo/hook/cmake_prefix_path.dsv'
[1.751s] INFO:colcon.colcon_core.shell:Creating environment hook '/daniel/Desktop/ur5-rl/ros2_ws/install/ur_simulation_gazebo/share/ur_simulation_gazebo/hook/cmake_prefix_path.sh'
[1.751s] Level 1:colcon.colcon_core.environment:checking '/daniel/Desktop/ur5-rl/ros2_ws/install/ur_simulation_gazebo/bin'
[1.751s] Level 1:colcon.colcon_core.environment:checking '/daniel/Desktop/ur5-rl/ros2_ws/install/ur_simulation_gazebo/lib/pkgconfig/ur_simulation_gazebo.pc'
[1.751s] Level 1:colcon.colcon_core.environment:checking '/daniel/Desktop/ur5-rl/ros2_ws/install/ur_simulation_gazebo/lib/python3.10/site-packages'
[1.751s] Level 1:colcon.colcon_core.environment:checking '/daniel/Desktop/ur5-rl/ros2_ws/install/ur_simulation_gazebo/bin'
[1.758s] INFO:colcon.colcon_core.shell:Creating package script '/daniel/Desktop/ur5-rl/ros2_ws/install/ur_simulation_gazebo/share/ur_simulation_gazebo/package.ps1'
[1.758s] INFO:colcon.colcon_core.shell:Creating package descriptor '/daniel/Desktop/ur5-rl/ros2_ws/install/ur_simulation_gazebo/share/ur_simulation_gazebo/package.dsv'
[1.759s] INFO:colcon.colcon_core.shell:Creating package script '/daniel/Desktop/ur5-rl/ros2_ws/install/ur_simulation_gazebo/share/ur_simulation_gazebo/package.sh'
[1.759s] INFO:colcon.colcon_core.shell:Creating package script '/daniel/Desktop/ur5-rl/ros2_ws/install/ur_simulation_gazebo/share/ur_simulation_gazebo/package.bash'
[1.759s] INFO:colcon.colcon_core.shell:Creating package script '/daniel/Desktop/ur5-rl/ros2_ws/install/ur_simulation_gazebo/share/ur_simulation_gazebo/package.zsh'
[1.759s] Level 1:colcon.colcon_core.environment:create_file_with_runtime_dependencies(/daniel/Desktop/ur5-rl/ros2_ws/install/ur_simulation_gazebo/share/colcon-core/packages/ur_simulation_gazebo)
[1.759s] DEBUG:colcon.colcon_parallel_executor.executor.parallel:closing loop
[1.760s] DEBUG:colcon.colcon_parallel_executor.executor.parallel:loop closed
[1.760s] DEBUG:colcon.colcon_parallel_executor.executor.parallel:run_until_complete finished with '0'
[1.760s] DEBUG:colcon.colcon_core.event_reactor:joining thread
[1.768s] INFO:colcon.colcon_core.plugin_system:Skipping extension 'colcon_notification.desktop_notification.notify_send': Could not find 'notify-send'
[1.768s] INFO:colcon.colcon_core.plugin_system:Skipping extension 'colcon_notification.desktop_notification.terminal_notifier': Not used on non-Darwin systems
[1.769s] INFO:colcon.colcon_core.plugin_system:Skipping extension 'colcon_notification.desktop_notification.win32': Not used on non-Windows systems
[1.769s] INFO:colcon.colcon_notification.desktop_notification:Sending desktop notification using 'notify2'
[1.771s] DEBUG:colcon.colcon_notification.desktop_notification.notify2:Failed to initialize notify2: org.freedesktop.DBus.Error.Spawn.ExecFailed: /usr/bin/dbus-launch terminated abnormally without any error message
[1.771s] DEBUG:colcon.colcon_core.event_reactor:joined thread
[1.778s] INFO:colcon.colcon_core.shell:Creating prefix script '/daniel/Desktop/ur5-rl/ros2_ws/install/local_setup.ps1'
[1.779s] INFO:colcon.colcon_core.shell:Creating prefix util module '/daniel/Desktop/ur5-rl/ros2_ws/install/_local_setup_util_ps1.py'
[1.779s] INFO:colcon.colcon_core.shell:Creating prefix chain script '/daniel/Desktop/ur5-rl/ros2_ws/install/setup.ps1'
[1.786s] INFO:colcon.colcon_core.shell:Creating prefix script '/daniel/Desktop/ur5-rl/ros2_ws/install/local_setup.sh'
[1.786s] INFO:colcon.colcon_core.shell:Creating prefix util module '/daniel/Desktop/ur5-rl/ros2_ws/install/_local_setup_util_sh.py'
[1.786s] INFO:colcon.colcon_core.shell:Creating prefix chain script '/daniel/Desktop/ur5-rl/ros2_ws/install/setup.sh'
[1.793s] INFO:colcon.colcon_core.shell:Creating prefix script '/daniel/Desktop/ur5-rl/ros2_ws/install/local_setup.bash'
[1.793s] INFO:colcon.colcon_core.shell:Creating prefix chain script '/daniel/Desktop/ur5-rl/ros2_ws/install/setup.bash'
[1.800s] INFO:colcon.colcon_core.shell:Creating prefix script '/daniel/Desktop/ur5-rl/ros2_ws/install/local_setup.zsh'
[1.800s] INFO:colcon.colcon_core.shell:Creating prefix chain script '/daniel/Desktop/ur5-rl/ros2_ws/install/setup.zsh'
