[0.588s] DEBUG:colcon:Command line arguments: ['/usr/bin/colcon', 'build']
[0.588s] DEBUG:colcon:Parsed command line arguments: Namespace(log_base=None, log_level=None, verb_name='build', build_base='build', install_base='install', merge_install=False, symlink_install=False, test_result_base=None, continue_on_error=False, executor='parallel', parallel_workers=12, event_handlers=None, ignore_user_meta=False, metas=['./colcon.meta'], base_paths=['.'], packages_ignore=None, packages_ignore_regex=None, paths=None, packages_up_to=None, packages_up_to_regex=None, packages_above=None, packages_above_and_dependencies=None, packages_above_depth=None, packages_select_by_dep=None, packages_skip_by_dep=None, packages_skip_up_to=None, packages_select_build_failed=False, packages_skip_build_finished=False, packages_select_test_failures=False, packages_skip_test_passed=False, packages_select=None, packages_skip=None, packages_select_regex=None, packages_skip_regex=None, packages_start=None, packages_end=None, cmake_args=None, cmake_target=None, cmake_target_skip_unavailable=False, cmake_clean_cache=False, cmake_clean_first=False, cmake_force_configure=False, ament_cmake_args=None, catkin_cmake_args=None, catkin_skip_building_tests=False, mixin_files=None, mixin=None, verb_parser=<colcon_mixin.mixin.mixin_argument.MixinArgumentDecorator object at 0x71afe64459f0>, verb_extension=<colcon_core.verb.build.BuildVerb object at 0x71afe6447580>, main=<bound method BuildVerb.main of <colcon_core.verb.build.BuildVerb object at 0x71afe6447580>>, mixin_verb=('build',))
[0.612s] Level 1:colcon.colcon_core.package_discovery:discover_packages(colcon_meta) check parameters
[0.612s] Level 1:colcon.colcon_core.package_discovery:discover_packages(recursive) check parameters
[0.612s] Level 1:colcon.colcon_core.package_discovery:discover_packages(ignore) check parameters
[0.612s] Level 1:colcon.colcon_core.package_discovery:discover_packages(path) check parameters
[0.612s] Level 1:colcon.colcon_core.package_discovery:discover_packages(colcon_meta) discover
[0.612s] Level 1:colcon.colcon_core.package_discovery:discover_packages(recursive) discover
[0.612s] INFO:colcon.colcon_core.package_discovery:Crawling recursively for packages in '/daniel/Desktop/ur5-rl/ros2_ws'
[0.612s] Level 1:colcon.colcon_core.package_identification:_identify(.) by extensions ['ignore', 'ignore_ament_install']
[0.612s] Level 1:colcon.colcon_core.package_identification:_identify(.) by extension 'ignore'
[0.612s] Level 1:colcon.colcon_core.package_identification:_identify(.) by extension 'ignore_ament_install'
[0.612s] Level 1:colcon.colcon_core.package_identification:_identify(.) by extensions ['colcon_pkg']
[0.612s] Level 1:colcon.colcon_core.package_identification:_identify(.) by extension 'colcon_pkg'
[0.612s] Level 1:colcon.colcon_core.package_identification:_identify(.) by extensions ['colcon_meta']
[0.612s] Level 1:colcon.colcon_core.package_identification:_identify(.) by extension 'colcon_meta'
[0.612s] Level 1:colcon.colcon_core.package_identification:_identify(.) by extensions ['ros']
[0.612s] Level 1:colcon.colcon_core.package_identification:_identify(.) by extension 'ros'
[0.620s] Level 1:colcon.colcon_core.package_identification:_identify(.) by extensions ['cmake', 'python']
[0.620s] Level 1:colcon.colcon_core.package_identification:_identify(.) by extension 'cmake'
[0.620s] Level 1:colcon.colcon_core.package_identification:_identify(.) by extension 'python'
[0.620s] Level 1:colcon.colcon_core.package_identification:_identify(.) by extensions ['python_setup_py']
[0.620s] Level 1:colcon.colcon_core.package_identification:_identify(.) by extension 'python_setup_py'
[0.621s] Level 1:colcon.colcon_core.package_identification:_identify(build) by extensions ['ignore', 'ignore_ament_install']
[0.621s] Level 1:colcon.colcon_core.package_identification:_identify(build) by extension 'ignore'
[0.621s] Level 1:colcon.colcon_core.package_identification:_identify(build) ignored
[0.621s] Level 1:colcon.colcon_core.package_identification:_identify(install) by extensions ['ignore', 'ignore_ament_install']
[0.621s] Level 1:colcon.colcon_core.package_identification:_identify(install) by extension 'ignore'
[0.621s] Level 1:colcon.colcon_core.package_identification:_identify(install) ignored
[0.621s] Level 1:colcon.colcon_core.package_identification:_identify(log) by extensions ['ignore', 'ignore_ament_install']
[0.621s] Level 1:colcon.colcon_core.package_identification:_identify(log) by extension 'ignore'
[0.621s] Level 1:colcon.colcon_core.package_identification:_identify(log) ignored
[0.621s] Level 1:colcon.colcon_core.package_identification:_identify(src) by extensions ['ignore', 'ignore_ament_install']
[0.621s] Level 1:colcon.colcon_core.package_identification:_identify(src) by extension 'ignore'
[0.621s] Level 1:colcon.colcon_core.package_identification:_identify(src) by extension 'ignore_ament_install'
[0.621s] Level 1:colcon.colcon_core.package_identification:_identify(src) by extensions ['colcon_pkg']
[0.621s] Level 1:colcon.colcon_core.package_identification:_identify(src) by extension 'colcon_pkg'
[0.621s] Level 1:colcon.colcon_core.package_identification:_identify(src) by extensions ['colcon_meta']
[0.621s] Level 1:colcon.colcon_core.package_identification:_identify(src) by extension 'colcon_meta'
[0.621s] Level 1:colcon.colcon_core.package_identification:_identify(src) by extensions ['ros']
[0.621s] Level 1:colcon.colcon_core.package_identification:_identify(src) by extension 'ros'
[0.621s] Level 1:colcon.colcon_core.package_identification:_identify(src) by extensions ['cmake', 'python']
[0.621s] Level 1:colcon.colcon_core.package_identification:_identify(src) by extension 'cmake'
[0.621s] Level 1:colcon.colcon_core.package_identification:_identify(src) by extension 'python'
[0.621s] Level 1:colcon.colcon_core.package_identification:_identify(src) by extensions ['python_setup_py']
[0.621s] Level 1:colcon.colcon_core.package_identification:_identify(src) by extension 'python_setup_py'
[0.621s] Level 1:colcon.colcon_core.package_identification:_identify(src/Universal_Robots_ROS2_Gazebo_Simulation) by extensions ['ignore', 'ignore_ament_install']
[0.621s] Level 1:colcon.colcon_core.package_identification:_identify(src/Universal_Robots_ROS2_Gazebo_Simulation) by extension 'ignore'
[0.621s] Level 1:colcon.colcon_core.package_identification:_identify(src/Universal_Robots_ROS2_Gazebo_Simulation) by extension 'ignore_ament_install'
[0.621s] Level 1:colcon.colcon_core.package_identification:_identify(src/Universal_Robots_ROS2_Gazebo_Simulation) by extensions ['colcon_pkg']
[0.621s] Level 1:colcon.colcon_core.package_identification:_identify(src/Universal_Robots_ROS2_Gazebo_Simulation) by extension 'colcon_pkg'
[0.621s] Level 1:colcon.colcon_core.package_identification:_identify(src/Universal_Robots_ROS2_Gazebo_Simulation) by extensions ['colcon_meta']
[0.621s] Level 1:colcon.colcon_core.package_identification:_identify(src/Universal_Robots_ROS2_Gazebo_Simulation) by extension 'colcon_meta'
[0.621s] Level 1:colcon.colcon_core.package_identification:_identify(src/Universal_Robots_ROS2_Gazebo_Simulation) by extensions ['ros']
[0.621s] Level 1:colcon.colcon_core.package_identification:_identify(src/Universal_Robots_ROS2_Gazebo_Simulation) by extension 'ros'
[0.621s] Level 1:colcon.colcon_core.package_identification:_identify(src/Universal_Robots_ROS2_Gazebo_Simulation) by extensions ['cmake', 'python']
[0.621s] Level 1:colcon.colcon_core.package_identification:_identify(src/Universal_Robots_ROS2_Gazebo_Simulation) by extension 'cmake'
[0.621s] Level 1:colcon.colcon_core.package_identification:_identify(src/Universal_Robots_ROS2_Gazebo_Simulation) by extension 'python'
[0.621s] Level 1:colcon.colcon_core.package_identification:_identify(src/Universal_Robots_ROS2_Gazebo_Simulation) by extensions ['python_setup_py']
[0.621s] Level 1:colcon.colcon_core.package_identification:_identify(src/Universal_Robots_ROS2_Gazebo_Simulation) by extension 'python_setup_py'
[0.621s] Level 1:colcon.colcon_core.package_identification:_identify(src/Universal_Robots_ROS2_Gazebo_Simulation/ur_simulation_gazebo) by extensions ['ignore', 'ignore_ament_install']
[0.622s] Level 1:colcon.colcon_core.package_identification:_identify(src/Universal_Robots_ROS2_Gazebo_Simulation/ur_simulation_gazebo) by extension 'ignore'
[0.622s] Level 1:colcon.colcon_core.package_identification:_identify(src/Universal_Robots_ROS2_Gazebo_Simulation/ur_simulation_gazebo) by extension 'ignore_ament_install'
[0.622s] Level 1:colcon.colcon_core.package_identification:_identify(src/Universal_Robots_ROS2_Gazebo_Simulation/ur_simulation_gazebo) by extensions ['colcon_pkg']
[0.622s] Level 1:colcon.colcon_core.package_identification:_identify(src/Universal_Robots_ROS2_Gazebo_Simulation/ur_simulation_gazebo) by extension 'colcon_pkg'
[0.622s] Level 1:colcon.colcon_core.package_identification:_identify(src/Universal_Robots_ROS2_Gazebo_Simulation/ur_simulation_gazebo) by extensions ['colcon_meta']
[0.622s] Level 1:colcon.colcon_core.package_identification:_identify(src/Universal_Robots_ROS2_Gazebo_Simulation/ur_simulation_gazebo) by extension 'colcon_meta'
[0.622s] Level 1:colcon.colcon_core.package_identification:_identify(src/Universal_Robots_ROS2_Gazebo_Simulation/ur_simulation_gazebo) by extensions ['ros']
[0.622s] Level 1:colcon.colcon_core.package_identification:_identify(src/Universal_Robots_ROS2_Gazebo_Simulation/ur_simulation_gazebo) by extension 'ros'
[0.623s] DEBUG:colcon.colcon_core.package_identification:Package 'src/Universal_Robots_ROS2_Gazebo_Simulation/ur_simulation_gazebo' with type 'ros.ament_cmake' and name 'ur_simulation_gazebo'
[0.623s] Level 1:colcon.colcon_core.package_identification:_identify(src/ur_msgs) by extensions ['ignore', 'ignore_ament_install']
[0.623s] Level 1:colcon.colcon_core.package_identification:_identify(src/ur_msgs) by extension 'ignore'
[0.623s] Level 1:colcon.colcon_core.package_identification:_identify(src/ur_msgs) by extension 'ignore_ament_install'
[0.623s] Level 1:colcon.colcon_core.package_identification:_identify(src/ur_msgs) by extensions ['colcon_pkg']
[0.623s] Level 1:colcon.colcon_core.package_identification:_identify(src/ur_msgs) by extension 'colcon_pkg'
[0.623s] Level 1:colcon.colcon_core.package_identification:_identify(src/ur_msgs) by extensions ['colcon_meta']
[0.623s] Level 1:colcon.colcon_core.package_identification:_identify(src/ur_msgs) by extension 'colcon_meta'
[0.623s] Level 1:colcon.colcon_core.package_identification:_identify(src/ur_msgs) by extensions ['ros']
[0.623s] Level 1:colcon.colcon_core.package_identification:_identify(src/ur_msgs) by extension 'ros'
[0.624s] DEBUG:colcon.colcon_core.package_identification:Package 'src/ur_msgs' with type 'ros.ament_cmake' and name 'ur_msgs'
[0.624s] Level 1:colcon.colcon_core.package_discovery:discover_packages(recursive) using defaults
[0.624s] Level 1:colcon.colcon_core.package_discovery:discover_packages(ignore) discover
[0.624s] Level 1:colcon.colcon_core.package_discovery:discover_packages(ignore) using defaults
[0.624s] Level 1:colcon.colcon_core.package_discovery:discover_packages(path) discover
[0.624s] Level 1:colcon.colcon_core.package_discovery:discover_packages(path) using defaults
[0.661s] Level 5:colcon.colcon_core.verb:set package 'ur_msgs' build argument 'cmake_args' from command line to 'None'
[0.661s] Level 5:colcon.colcon_core.verb:set package 'ur_msgs' build argument 'cmake_target' from command line to 'None'
[0.661s] Level 5:colcon.colcon_core.verb:set package 'ur_msgs' build argument 'cmake_target_skip_unavailable' from command line to 'False'
[0.661s] Level 5:colcon.colcon_core.verb:set package 'ur_msgs' build argument 'cmake_clean_cache' from command line to 'False'
[0.661s] Level 5:colcon.colcon_core.verb:set package 'ur_msgs' build argument 'cmake_clean_first' from command line to 'False'
[0.661s] Level 5:colcon.colcon_core.verb:set package 'ur_msgs' build argument 'cmake_force_configure' from command line to 'False'
[0.661s] Level 5:colcon.colcon_core.verb:set package 'ur_msgs' build argument 'ament_cmake_args' from command line to 'None'
[0.661s] Level 5:colcon.colcon_core.verb:set package 'ur_msgs' build argument 'catkin_cmake_args' from command line to 'None'
[0.661s] Level 5:colcon.colcon_core.verb:set package 'ur_msgs' build argument 'catkin_skip_building_tests' from command line to 'False'
[0.661s] DEBUG:colcon.colcon_core.verb:Building package 'ur_msgs' with the following arguments: {'ament_cmake_args': None, 'build_base': '/daniel/Desktop/ur5-rl/ros2_ws/build/ur_msgs', 'catkin_cmake_args': None, 'catkin_skip_building_tests': False, 'cmake_args': None, 'cmake_clean_cache': False, 'cmake_clean_first': False, 'cmake_force_configure': False, 'cmake_target': None, 'cmake_target_skip_unavailable': False, 'install_base': '/daniel/Desktop/ur5-rl/ros2_ws/install/ur_msgs', 'merge_install': False, 'path': '/daniel/Desktop/ur5-rl/ros2_ws/src/ur_msgs', 'symlink_install': False, 'test_result_base': None}
[0.668s] Level 5:colcon.colcon_core.verb:set package 'ur_simulation_gazebo' build argument 'cmake_args' from command line to 'None'
[0.668s] Level 5:colcon.colcon_core.verb:set package 'ur_simulation_gazebo' build argument 'cmake_target' from command line to 'None'
[0.668s] Level 5:colcon.colcon_core.verb:set package 'ur_simulation_gazebo' build argument 'cmake_target_skip_unavailable' from command line to 'False'
[0.668s] Level 5:colcon.colcon_core.verb:set package 'ur_simulation_gazebo' build argument 'cmake_clean_cache' from command line to 'False'
[0.668s] Level 5:colcon.colcon_core.verb:set package 'ur_simulation_gazebo' build argument 'cmake_clean_first' from command line to 'False'
[0.668s] Level 5:colcon.colcon_core.verb:set package 'ur_simulation_gazebo' build argument 'cmake_force_configure' from command line to 'False'
[0.668s] Level 5:colcon.colcon_core.verb:set package 'ur_simulation_gazebo' build argument 'ament_cmake_args' from command line to 'None'
[0.668s] Level 5:colcon.colcon_core.verb:set package 'ur_simulation_gazebo' build argument 'catkin_cmake_args' from command line to 'None'
[0.668s] Level 5:colcon.colcon_core.verb:set package 'ur_simulation_gazebo' build argument 'catkin_skip_building_tests' from command line to 'False'
[0.668s] DEBUG:colcon.colcon_core.verb:Building package 'ur_simulation_gazebo' with the following arguments: {'ament_cmake_args': None, 'build_base': '/daniel/Desktop/ur5-rl/ros2_ws/build/ur_simulation_gazebo', 'catkin_cmake_args': None, 'catkin_skip_building_tests': False, 'cmake_args': None, 'cmake_clean_cache': False, 'cmake_clean_first': False, 'cmake_force_configure': False, 'cmake_target': None, 'cmake_target_skip_unavailable': False, 'install_base': '/daniel/Desktop/ur5-rl/ros2_ws/install/ur_simulation_gazebo', 'merge_install': False, 'path': '/daniel/Desktop/ur5-rl/ros2_ws/src/Universal_Robots_ROS2_Gazebo_Simulation/ur_simulation_gazebo', 'symlink_install': False, 'test_result_base': None}
[0.674s] INFO:colcon.colcon_core.executor:Executing jobs using 'parallel' executor
[0.682s] DEBUG:colcon.colcon_parallel_executor.executor.parallel:run_until_complete
[0.682s] INFO:colcon.colcon_ros.task.ament_cmake.build:Building ROS package in '/daniel/Desktop/ur5-rl/ros2_ws/src/ur_msgs' with build type 'ament_cmake'
[0.682s] INFO:colcon.colcon_cmake.task.cmake.build:Building CMake package in '/daniel/Desktop/ur5-rl/ros2_ws/src/ur_msgs'
[0.690s] INFO:colcon.colcon_core.plugin_system:Skipping extension 'colcon_core.shell.bat': Not used on non-Windows systems
[0.690s] INFO:colcon.colcon_core.shell:Skip shell extension 'powershell' for command environment: Not usable outside of PowerShell
[0.690s] DEBUG:colcon.colcon_core.shell:Skip shell extension 'dsv' for command environment
[0.706s] INFO:colcon.colcon_ros.task.ament_cmake.build:Building ROS package in '/daniel/Desktop/ur5-rl/ros2_ws/src/Universal_Robots_ROS2_Gazebo_Simulation/ur_simulation_gazebo' with build type 'ament_cmake'
[0.706s] INFO:colcon.colcon_cmake.task.cmake.build:Building CMake package in '/daniel/Desktop/ur5-rl/ros2_ws/src/Universal_Robots_ROS2_Gazebo_Simulation/ur_simulation_gazebo'
[0.713s] INFO:colcon.colcon_core.shell:Skip shell extension 'powershell' for command environment: Not usable outside of PowerShell
[0.713s] DEBUG:colcon.colcon_core.shell:Skip shell extension 'dsv' for command environment
[0.728s] DEBUG:colcon.colcon_core.event_handler.log_command:Invoking command in '/daniel/Desktop/ur5-rl/ros2_ws/build/ur_msgs': CMAKE_PREFIX_PATH=/opt/ros/humble /usr/bin/cmake /daniel/Desktop/ur5-rl/ros2_ws/src/ur_msgs -DCMAKE_INSTALL_PREFIX=/daniel/Desktop/ur5-rl/ros2_ws/install/ur_msgs
[0.731s] DEBUG:colcon.colcon_core.event_handler.log_command:Invoking command in '/daniel/Desktop/ur5-rl/ros2_ws/build/ur_simulation_gazebo': CMAKE_PREFIX_PATH=/opt/ros/humble /usr/bin/cmake /daniel/Desktop/ur5-rl/ros2_ws/src/Universal_Robots_ROS2_Gazebo_Simulation/ur_simulation_gazebo -DCMAKE_INSTALL_PREFIX=/daniel/Desktop/ur5-rl/ros2_ws/install/ur_simulation_gazebo
[1.272s] DEBUG:colcon.colcon_core.event_handler.log_command:Invoked command in '/daniel/Desktop/ur5-rl/ros2_ws/build/ur_simulation_gazebo' returned '0': CMAKE_PREFIX_PATH=/opt/ros/humble /usr/bin/cmake /daniel/Desktop/ur5-rl/ros2_ws/src/Universal_Robots_ROS2_Gazebo_Simulation/ur_simulation_gazebo -DCMAKE_INSTALL_PREFIX=/daniel/Desktop/ur5-rl/ros2_ws/install/ur_simulation_gazebo
[1.273s] DEBUG:colcon.colcon_core.event_handler.log_command:Invoking command in '/daniel/Desktop/ur5-rl/ros2_ws/build/ur_simulation_gazebo': CMAKE_PREFIX_PATH=/opt/ros/humble /usr/bin/cmake --build /daniel/Desktop/ur5-rl/ros2_ws/build/ur_simulation_gazebo -- -j12 -l12
[1.298s] DEBUG:colcon.colcon_core.event_handler.log_command:Invoked command in '/daniel/Desktop/ur5-rl/ros2_ws/build/ur_simulation_gazebo' returned '0': CMAKE_PREFIX_PATH=/opt/ros/humble /usr/bin/cmake --build /daniel/Desktop/ur5-rl/ros2_ws/build/ur_simulation_gazebo -- -j12 -l12
[1.320s] DEBUG:colcon.colcon_core.event_handler.log_command:Invoking command in '/daniel/Desktop/ur5-rl/ros2_ws/build/ur_simulation_gazebo': CMAKE_PREFIX_PATH=/opt/ros/humble /usr/bin/cmake --install /daniel/Desktop/ur5-rl/ros2_ws/build/ur_simulation_gazebo
[1.327s] Level 1:colcon.colcon_core.environment:create_environment_scripts_only(ur_simulation_gazebo)
[1.327s] DEBUG:colcon.colcon_core.event_handler.log_command:Invoked command in '/daniel/Desktop/ur5-rl/ros2_ws/build/ur_simulation_gazebo' returned '0': CMAKE_PREFIX_PATH=/opt/ros/humble /usr/bin/cmake --install /daniel/Desktop/ur5-rl/ros2_ws/build/ur_simulation_gazebo
[1.336s] Level 1:colcon.colcon_core.environment:checking '/daniel/Desktop/ur5-rl/ros2_ws/install/ur_simulation_gazebo' for CMake module files
[1.336s] Level 1:colcon.colcon_core.environment:checking '/daniel/Desktop/ur5-rl/ros2_ws/install/ur_simulation_gazebo' for CMake config files
[1.336s] Level 1:colcon.colcon_core.shell:create_environment_hook('ur_simulation_gazebo', 'cmake_prefix_path')
[1.343s] INFO:colcon.colcon_core.shell:Creating environment hook '/daniel/Desktop/ur5-rl/ros2_ws/install/ur_simulation_gazebo/share/ur_simulation_gazebo/hook/cmake_prefix_path.ps1'
[1.343s] INFO:colcon.colcon_core.shell:Creating environment descriptor '/daniel/Desktop/ur5-rl/ros2_ws/install/ur_simulation_gazebo/share/ur_simulation_gazebo/hook/cmake_prefix_path.dsv'
[1.343s] INFO:colcon.colcon_core.shell:Creating environment hook '/daniel/Desktop/ur5-rl/ros2_ws/install/ur_simulation_gazebo/share/ur_simulation_gazebo/hook/cmake_prefix_path.sh'
[1.344s] Level 1:colcon.colcon_core.environment:checking '/daniel/Desktop/ur5-rl/ros2_ws/install/ur_simulation_gazebo/bin'
[1.344s] Level 1:colcon.colcon_core.environment:checking '/daniel/Desktop/ur5-rl/ros2_ws/install/ur_simulation_gazebo/lib/pkgconfig/ur_simulation_gazebo.pc'
[1.345s] Level 1:colcon.colcon_core.environment:checking '/daniel/Desktop/ur5-rl/ros2_ws/install/ur_simulation_gazebo/lib/python3.10/site-packages'
[1.345s] Level 1:colcon.colcon_core.environment:checking '/daniel/Desktop/ur5-rl/ros2_ws/install/ur_simulation_gazebo/bin'
[1.352s] INFO:colcon.colcon_core.shell:Creating package script '/daniel/Desktop/ur5-rl/ros2_ws/install/ur_simulation_gazebo/share/ur_simulation_gazebo/package.ps1'
[1.352s] INFO:colcon.colcon_core.shell:Creating package descriptor '/daniel/Desktop/ur5-rl/ros2_ws/install/ur_simulation_gazebo/share/ur_simulation_gazebo/package.dsv'
[1.352s] INFO:colcon.colcon_core.shell:Creating package script '/daniel/Desktop/ur5-rl/ros2_ws/install/ur_simulation_gazebo/share/ur_simulation_gazebo/package.sh'
[1.353s] INFO:colcon.colcon_core.shell:Creating package script '/daniel/Desktop/ur5-rl/ros2_ws/install/ur_simulation_gazebo/share/ur_simulation_gazebo/package.bash'
[1.353s] INFO:colcon.colcon_core.shell:Creating package script '/daniel/Desktop/ur5-rl/ros2_ws/install/ur_simulation_gazebo/share/ur_simulation_gazebo/package.zsh'
[1.353s] Level 1:colcon.colcon_core.environment:create_file_with_runtime_dependencies(/daniel/Desktop/ur5-rl/ros2_ws/install/ur_simulation_gazebo/share/colcon-core/packages/ur_simulation_gazebo)
[1.375s] Level 1:colcon.colcon_core.environment:create_environment_scripts_only(ur_simulation_gazebo)
[1.382s] Level 1:colcon.colcon_core.environment:checking '/daniel/Desktop/ur5-rl/ros2_ws/install/ur_simulation_gazebo' for CMake module files
[1.382s] Level 1:colcon.colcon_core.environment:checking '/daniel/Desktop/ur5-rl/ros2_ws/install/ur_simulation_gazebo' for CMake config files
[1.382s] Level 1:colcon.colcon_core.shell:create_environment_hook('ur_simulation_gazebo', 'cmake_prefix_path')
[1.389s] INFO:colcon.colcon_core.shell:Creating environment hook '/daniel/Desktop/ur5-rl/ros2_ws/install/ur_simulation_gazebo/share/ur_simulation_gazebo/hook/cmake_prefix_path.ps1'
[1.389s] INFO:colcon.colcon_core.shell:Creating environment descriptor '/daniel/Desktop/ur5-rl/ros2_ws/install/ur_simulation_gazebo/share/ur_simulation_gazebo/hook/cmake_prefix_path.dsv'
[1.389s] INFO:colcon.colcon_core.shell:Creating environment hook '/daniel/Desktop/ur5-rl/ros2_ws/install/ur_simulation_gazebo/share/ur_simulation_gazebo/hook/cmake_prefix_path.sh'
[1.389s] Level 1:colcon.colcon_core.environment:checking '/daniel/Desktop/ur5-rl/ros2_ws/install/ur_simulation_gazebo/bin'
[1.389s] Level 1:colcon.colcon_core.environment:checking '/daniel/Desktop/ur5-rl/ros2_ws/install/ur_simulation_gazebo/lib/pkgconfig/ur_simulation_gazebo.pc'
[1.389s] Level 1:colcon.colcon_core.environment:checking '/daniel/Desktop/ur5-rl/ros2_ws/install/ur_simulation_gazebo/lib/python3.10/site-packages'
[1.390s] Level 1:colcon.colcon_core.environment:checking '/daniel/Desktop/ur5-rl/ros2_ws/install/ur_simulation_gazebo/bin'
[1.396s] INFO:colcon.colcon_core.shell:Creating package script '/daniel/Desktop/ur5-rl/ros2_ws/install/ur_simulation_gazebo/share/ur_simulation_gazebo/package.ps1'
[1.397s] INFO:colcon.colcon_core.shell:Creating package descriptor '/daniel/Desktop/ur5-rl/ros2_ws/install/ur_simulation_gazebo/share/ur_simulation_gazebo/package.dsv'
[1.397s] INFO:colcon.colcon_core.shell:Creating package script '/daniel/Desktop/ur5-rl/ros2_ws/install/ur_simulation_gazebo/share/ur_simulation_gazebo/package.sh'
[1.397s] INFO:colcon.colcon_core.shell:Creating package script '/daniel/Desktop/ur5-rl/ros2_ws/install/ur_simulation_gazebo/share/ur_simulation_gazebo/package.bash'
[1.397s] INFO:colcon.colcon_core.shell:Creating package script '/daniel/Desktop/ur5-rl/ros2_ws/install/ur_simulation_gazebo/share/ur_simulation_gazebo/package.zsh'
[1.397s] Level 1:colcon.colcon_core.environment:create_file_with_runtime_dependencies(/daniel/Desktop/ur5-rl/ros2_ws/install/ur_simulation_gazebo/share/colcon-core/packages/ur_simulation_gazebo)
[1.844s] DEBUG:colcon.colcon_core.event_handler.log_command:Invoked command in '/daniel/Desktop/ur5-rl/ros2_ws/build/ur_msgs' returned '0': CMAKE_PREFIX_PATH=/opt/ros/humble /usr/bin/cmake /daniel/Desktop/ur5-rl/ros2_ws/src/ur_msgs -DCMAKE_INSTALL_PREFIX=/daniel/Desktop/ur5-rl/ros2_ws/install/ur_msgs
[1.845s] DEBUG:colcon.colcon_core.event_handler.log_command:Invoking command in '/daniel/Desktop/ur5-rl/ros2_ws/build/ur_msgs': CMAKE_PREFIX_PATH=/opt/ros/humble /usr/bin/cmake --build /daniel/Desktop/ur5-rl/ros2_ws/build/ur_msgs -- -j12 -l12
[5.041s] DEBUG:colcon.colcon_core.event_handler.log_command:Invoked command in '/daniel/Desktop/ur5-rl/ros2_ws/build/ur_msgs' returned '0': CMAKE_PREFIX_PATH=/opt/ros/humble /usr/bin/cmake --build /daniel/Desktop/ur5-rl/ros2_ws/build/ur_msgs -- -j12 -l12
[5.188s] DEBUG:colcon.colcon_core.event_handler.log_command:Invoking command in '/daniel/Desktop/ur5-rl/ros2_ws/build/ur_msgs': CMAKE_PREFIX_PATH=/opt/ros/humble /usr/bin/cmake --install /daniel/Desktop/ur5-rl/ros2_ws/build/ur_msgs
[5.254s] Level 1:colcon.colcon_core.environment:create_environment_scripts_only(ur_msgs)
[5.254s] DEBUG:colcon.colcon_core.event_handler.log_command:Invoked command in '/daniel/Desktop/ur5-rl/ros2_ws/build/ur_msgs' returned '0': CMAKE_PREFIX_PATH=/opt/ros/humble /usr/bin/cmake --install /daniel/Desktop/ur5-rl/ros2_ws/build/ur_msgs
[5.261s] Level 1:colcon.colcon_core.environment:checking '/daniel/Desktop/ur5-rl/ros2_ws/install/ur_msgs' for CMake module files
[5.261s] Level 1:colcon.colcon_core.environment:checking '/daniel/Desktop/ur5-rl/ros2_ws/install/ur_msgs' for CMake config files
[5.261s] Level 1:colcon.colcon_core.shell:create_environment_hook('ur_msgs', 'cmake_prefix_path')
[5.268s] INFO:colcon.colcon_core.shell:Creating environment hook '/daniel/Desktop/ur5-rl/ros2_ws/install/ur_msgs/share/ur_msgs/hook/cmake_prefix_path.ps1'
[5.268s] INFO:colcon.colcon_core.shell:Creating environment descriptor '/daniel/Desktop/ur5-rl/ros2_ws/install/ur_msgs/share/ur_msgs/hook/cmake_prefix_path.dsv'
[5.268s] INFO:colcon.colcon_core.shell:Creating environment hook '/daniel/Desktop/ur5-rl/ros2_ws/install/ur_msgs/share/ur_msgs/hook/cmake_prefix_path.sh'
[5.269s] Level 1:colcon.colcon_core.environment:checking '/daniel/Desktop/ur5-rl/ros2_ws/install/ur_msgs/lib'
[5.269s] Level 1:colcon.colcon_core.shell:create_environment_hook('ur_msgs', 'ld_library_path_lib')
[5.276s] INFO:colcon.colcon_core.shell:Creating environment hook '/daniel/Desktop/ur5-rl/ros2_ws/install/ur_msgs/share/ur_msgs/hook/ld_library_path_lib.ps1'
[5.276s] INFO:colcon.colcon_core.shell:Creating environment descriptor '/daniel/Desktop/ur5-rl/ros2_ws/install/ur_msgs/share/ur_msgs/hook/ld_library_path_lib.dsv'
[5.276s] INFO:colcon.colcon_core.shell:Creating environment hook '/daniel/Desktop/ur5-rl/ros2_ws/install/ur_msgs/share/ur_msgs/hook/ld_library_path_lib.sh'
[5.276s] Level 1:colcon.colcon_core.environment:checking '/daniel/Desktop/ur5-rl/ros2_ws/install/ur_msgs/bin'
[5.276s] Level 1:colcon.colcon_core.environment:checking '/daniel/Desktop/ur5-rl/ros2_ws/install/ur_msgs/lib/pkgconfig/ur_msgs.pc'
[5.276s] Level 1:colcon.colcon_core.environment:checking '/daniel/Desktop/ur5-rl/ros2_ws/install/ur_msgs/lib/python3.10/site-packages'
[5.276s] Level 1:colcon.colcon_core.environment:checking '/daniel/Desktop/ur5-rl/ros2_ws/install/ur_msgs/bin'
[5.283s] INFO:colcon.colcon_core.shell:Creating package script '/daniel/Desktop/ur5-rl/ros2_ws/install/ur_msgs/share/ur_msgs/package.ps1'
[5.283s] INFO:colcon.colcon_core.shell:Creating package descriptor '/daniel/Desktop/ur5-rl/ros2_ws/install/ur_msgs/share/ur_msgs/package.dsv'
[5.283s] INFO:colcon.colcon_core.shell:Creating package script '/daniel/Desktop/ur5-rl/ros2_ws/install/ur_msgs/share/ur_msgs/package.sh'
[5.284s] INFO:colcon.colcon_core.shell:Creating package script '/daniel/Desktop/ur5-rl/ros2_ws/install/ur_msgs/share/ur_msgs/package.bash'
[5.284s] INFO:colcon.colcon_core.shell:Creating package script '/daniel/Desktop/ur5-rl/ros2_ws/install/ur_msgs/share/ur_msgs/package.zsh'
[5.284s] Level 1:colcon.colcon_core.environment:create_file_with_runtime_dependencies(/daniel/Desktop/ur5-rl/ros2_ws/install/ur_msgs/share/colcon-core/packages/ur_msgs)
[5.444s] Level 1:colcon.colcon_core.environment:create_environment_scripts_only(ur_msgs)
[5.451s] Level 1:colcon.colcon_core.environment:checking '/daniel/Desktop/ur5-rl/ros2_ws/install/ur_msgs' for CMake module files
[5.451s] Level 1:colcon.colcon_core.environment:checking '/daniel/Desktop/ur5-rl/ros2_ws/install/ur_msgs' for CMake config files
[5.451s] Level 1:colcon.colcon_core.shell:create_environment_hook('ur_msgs', 'cmake_prefix_path')
[5.458s] INFO:colcon.colcon_core.shell:Creating environment hook '/daniel/Desktop/ur5-rl/ros2_ws/install/ur_msgs/share/ur_msgs/hook/cmake_prefix_path.ps1'
[5.458s] INFO:colcon.colcon_core.shell:Creating environment descriptor '/daniel/Desktop/ur5-rl/ros2_ws/install/ur_msgs/share/ur_msgs/hook/cmake_prefix_path.dsv'
[5.458s] INFO:colcon.colcon_core.shell:Creating environment hook '/daniel/Desktop/ur5-rl/ros2_ws/install/ur_msgs/share/ur_msgs/hook/cmake_prefix_path.sh'
[5.458s] Level 1:colcon.colcon_core.environment:checking '/daniel/Desktop/ur5-rl/ros2_ws/install/ur_msgs/lib'
[5.458s] Level 1:colcon.colcon_core.shell:create_environment_hook('ur_msgs', 'ld_library_path_lib')
[5.465s] INFO:colcon.colcon_core.shell:Creating environment hook '/daniel/Desktop/ur5-rl/ros2_ws/install/ur_msgs/share/ur_msgs/hook/ld_library_path_lib.ps1'
[5.465s] INFO:colcon.colcon_core.shell:Creating environment descriptor '/daniel/Desktop/ur5-rl/ros2_ws/install/ur_msgs/share/ur_msgs/hook/ld_library_path_lib.dsv'
[5.466s] INFO:colcon.colcon_core.shell:Creating environment hook '/daniel/Desktop/ur5-rl/ros2_ws/install/ur_msgs/share/ur_msgs/hook/ld_library_path_lib.sh'
[5.466s] Level 1:colcon.colcon_core.environment:checking '/daniel/Desktop/ur5-rl/ros2_ws/install/ur_msgs/bin'
[5.466s] Level 1:colcon.colcon_core.environment:checking '/daniel/Desktop/ur5-rl/ros2_ws/install/ur_msgs/lib/pkgconfig/ur_msgs.pc'
[5.466s] Level 1:colcon.colcon_core.environment:checking '/daniel/Desktop/ur5-rl/ros2_ws/install/ur_msgs/lib/python3.10/site-packages'
[5.466s] Level 1:colcon.colcon_core.environment:checking '/daniel/Desktop/ur5-rl/ros2_ws/install/ur_msgs/bin'
[5.473s] INFO:colcon.colcon_core.shell:Creating package script '/daniel/Desktop/ur5-rl/ros2_ws/install/ur_msgs/share/ur_msgs/package.ps1'
[5.473s] INFO:colcon.colcon_core.shell:Creating package descriptor '/daniel/Desktop/ur5-rl/ros2_ws/install/ur_msgs/share/ur_msgs/package.dsv'
[5.474s] INFO:colcon.colcon_core.shell:Creating package script '/daniel/Desktop/ur5-rl/ros2_ws/install/ur_msgs/share/ur_msgs/package.sh'
[5.474s] INFO:colcon.colcon_core.shell:Creating package script '/daniel/Desktop/ur5-rl/ros2_ws/install/ur_msgs/share/ur_msgs/package.bash'
[5.474s] INFO:colcon.colcon_core.shell:Creating package script '/daniel/Desktop/ur5-rl/ros2_ws/install/ur_msgs/share/ur_msgs/package.zsh'
[5.474s] Level 1:colcon.colcon_core.environment:create_file_with_runtime_dependencies(/daniel/Desktop/ur5-rl/ros2_ws/install/ur_msgs/share/colcon-core/packages/ur_msgs)
[5.474s] DEBUG:colcon.colcon_parallel_executor.executor.parallel:closing loop
[5.474s] DEBUG:colcon.colcon_parallel_executor.executor.parallel:loop closed
[5.474s] DEBUG:colcon.colcon_parallel_executor.executor.parallel:run_until_complete finished with '0'
[5.474s] DEBUG:colcon.colcon_core.event_reactor:joining thread
[5.484s] INFO:colcon.colcon_core.plugin_system:Skipping extension 'colcon_notification.desktop_notification.notify_send': Could not find 'notify-send'
[5.484s] INFO:colcon.colcon_core.plugin_system:Skipping extension 'colcon_notification.desktop_notification.terminal_notifier': Not used on non-Darwin systems
[5.484s] INFO:colcon.colcon_core.plugin_system:Skipping extension 'colcon_notification.desktop_notification.win32': Not used on non-Windows systems
[5.485s] INFO:colcon.colcon_notification.desktop_notification:Sending desktop notification using 'notify2'
[5.486s] DEBUG:colcon.colcon_notification.desktop_notification.notify2:Failed to initialize notify2: org.freedesktop.DBus.Error.Spawn.ExecFailed: /usr/bin/dbus-launch terminated abnormally without any error message
[5.487s] DEBUG:colcon.colcon_core.event_reactor:joined thread
[5.494s] INFO:colcon.colcon_core.shell:Creating prefix script '/daniel/Desktop/ur5-rl/ros2_ws/install/local_setup.ps1'
[5.494s] INFO:colcon.colcon_core.shell:Creating prefix util module '/daniel/Desktop/ur5-rl/ros2_ws/install/_local_setup_util_ps1.py'
[5.495s] INFO:colcon.colcon_core.shell:Creating prefix chain script '/daniel/Desktop/ur5-rl/ros2_ws/install/setup.ps1'
[5.502s] INFO:colcon.colcon_core.shell:Creating prefix script '/daniel/Desktop/ur5-rl/ros2_ws/install/local_setup.sh'
[5.502s] INFO:colcon.colcon_core.shell:Creating prefix util module '/daniel/Desktop/ur5-rl/ros2_ws/install/_local_setup_util_sh.py'
[5.502s] INFO:colcon.colcon_core.shell:Creating prefix chain script '/daniel/Desktop/ur5-rl/ros2_ws/install/setup.sh'
[5.509s] INFO:colcon.colcon_core.shell:Creating prefix script '/daniel/Desktop/ur5-rl/ros2_ws/install/local_setup.bash'
[5.509s] INFO:colcon.colcon_core.shell:Creating prefix chain script '/daniel/Desktop/ur5-rl/ros2_ws/install/setup.bash'
[5.516s] INFO:colcon.colcon_core.shell:Creating prefix script '/daniel/Desktop/ur5-rl/ros2_ws/install/local_setup.zsh'
[5.516s] INFO:colcon.colcon_core.shell:Creating prefix chain script '/daniel/Desktop/ur5-rl/ros2_ws/install/setup.zsh'
