[0.035s] Invoking command in '/daniel/Desktop/ur5-rl/ros2_ws/build/ur_simulation_gazebo': CMAKE_PREFIX_PATH=${CMAKE_PREFIX_PATH}:/opt/ros/humble /usr/bin/cmake --build /daniel/Desktop/ur5-rl/ros2_ws/build/ur_simulation_gazebo -- -j12 -l12
[0.050s] -- Found ament_cmake: 1.3.8 (/opt/ros/humble/share/ament_cmake/cmake)
[0.119s] -- Found ament_cmake_pytest: 1.3.8 (/opt/ros/humble/share/ament_cmake_pytest/cmake)
[0.290s] -- Configuring done
[0.292s] -- Generating done
[0.292s] -- Build files have been written to: /daniel/Desktop/ur5-rl/ros2_ws/build/ur_simulation_gazebo
[0.308s] Invoked command in '/daniel/Desktop/ur5-rl/ros2_ws/build/ur_simulation_gazebo' returned '0': CMAKE_PREFIX_PATH=${CMAKE_PREFIX_PATH}:/opt/ros/humble /usr/bin/cmake --build /daniel/Desktop/ur5-rl/ros2_ws/build/ur_simulation_gazebo -- -j12 -l12
[0.329s] Invoking command in '/daniel/Desktop/ur5-rl/ros2_ws/build/ur_simulation_gazebo': CMAKE_PREFIX_PATH=${CMAKE_PREFIX_PATH}:/opt/ros/humble /usr/bin/cmake --install /daniel/Desktop/ur5-rl/ros2_ws/build/ur_simulation_gazebo
[0.334s] -- Install configuration: ""
[0.334s] -- Up-to-date: /daniel/Desktop/ur5-rl/ros2_ws/install/ur_simulation_gazebo/share/ur_simulation_gazebo/config
[0.334s] -- Installing: /daniel/Desktop/ur5-rl/ros2_ws/install/ur_simulation_gazebo/share/ur_simulation_gazebo/config/ur_controllers.yaml
[0.334s] -- Up-to-date: /daniel/Desktop/ur5-rl/ros2_ws/install/ur_simulation_gazebo/share/ur_simulation_gazebo/launch
[0.334s] -- Installing: /daniel/Desktop/ur5-rl/ros2_ws/install/ur_simulation_gazebo/share/ur_simulation_gazebo/launch/ur_sim_moveit.launch.py
[0.334s] -- Installing: /daniel/Desktop/ur5-rl/ros2_ws/install/ur_simulation_gazebo/share/ur_simulation_gazebo/launch/ur_sim_control.launch.py
[0.334s] -- Up-to-date: /daniel/Desktop/ur5-rl/ros2_ws/install/ur_simulation_gazebo/share/ur_simulation_gazebo/urdf
[0.334s] -- Installing: /daniel/Desktop/ur5-rl/ros2_ws/install/ur_simulation_gazebo/share/ur_simulation_gazebo/urdf/ur_gazebo.urdf.xacro
[0.334s] -- Installing: /daniel/Desktop/ur5-rl/ros2_ws/install/ur_simulation_gazebo/share/ur_simulation_gazebo/urdf/ur_gazebo.ros2_control.xacro
[0.334s] -- Up-to-date: /daniel/Desktop/ur5-rl/ros2_ws/install/ur_simulation_gazebo/share/ament_index/resource_index/package_run_dependencies/ur_simulation_gazebo
[0.334s] -- Installing: /daniel/Desktop/ur5-rl/ros2_ws/install/ur_simulation_gazebo/share/ament_index/resource_index/parent_prefix_path/ur_simulation_gazebo
[0.335s] -- Up-to-date: /daniel/Desktop/ur5-rl/ros2_ws/install/ur_simulation_gazebo/share/ur_simulation_gazebo/environment/ament_prefix_path.sh
[0.335s] -- Installing: /daniel/Desktop/ur5-rl/ros2_ws/install/ur_simulation_gazebo/share/ur_simulation_gazebo/environment/ament_prefix_path.dsv
[0.335s] -- Up-to-date: /daniel/Desktop/ur5-rl/ros2_ws/install/ur_simulation_gazebo/share/ur_simulation_gazebo/environment/path.sh
[0.335s] -- Installing: /daniel/Desktop/ur5-rl/ros2_ws/install/ur_simulation_gazebo/share/ur_simulation_gazebo/environment/path.dsv
[0.335s] -- Up-to-date: /daniel/Desktop/ur5-rl/ros2_ws/install/ur_simulation_gazebo/share/ur_simulation_gazebo/local_setup.bash
[0.335s] -- Up-to-date: /daniel/Desktop/ur5-rl/ros2_ws/install/ur_simulation_gazebo/share/ur_simulation_gazebo/local_setup.sh
[0.335s] -- Up-to-date: /daniel/Desktop/ur5-rl/ros2_ws/install/ur_simulation_gazebo/share/ur_simulation_gazebo/local_setup.zsh
[0.335s] -- Installing: /daniel/Desktop/ur5-rl/ros2_ws/install/ur_simulation_gazebo/share/ur_simulation_gazebo/local_setup.dsv
[0.335s] -- Installing: /daniel/Desktop/ur5-rl/ros2_ws/install/ur_simulation_gazebo/share/ur_simulation_gazebo/package.dsv
[0.335s] -- Up-to-date: /daniel/Desktop/ur5-rl/ros2_ws/install/ur_simulation_gazebo/share/ament_index/resource_index/packages/ur_simulation_gazebo
[0.335s] -- Up-to-date: /daniel/Desktop/ur5-rl/ros2_ws/install/ur_simulation_gazebo/share/ur_simulation_gazebo/cmake/ur_simulation_gazeboConfig.cmake
[0.335s] -- Up-to-date: /daniel/Desktop/ur5-rl/ros2_ws/install/ur_simulation_gazebo/share/ur_simulation_gazebo/cmake/ur_simulation_gazeboConfig-version.cmake
[0.335s] -- Installing: /daniel/Desktop/ur5-rl/ros2_ws/install/ur_simulation_gazebo/share/ur_simulation_gazebo/package.xml
[0.337s] Invoked command in '/daniel/Desktop/ur5-rl/ros2_ws/build/ur_simulation_gazebo' returned '0': CMAKE_PREFIX_PATH=${CMAKE_PREFIX_PATH}:/opt/ros/humble /usr/bin/cmake --install /daniel/Desktop/ur5-rl/ros2_ws/build/ur_simulation_gazebo
