[0.046s] Invoking command in '/daniel/Desktop/ur5-rl/ros2_ws/build/ur_msgs': CMAKE_PREFIX_PATH=/opt/ros/humble /usr/bin/cmake /daniel/Desktop/ur5-rl/ros2_ws/src/ur_msgs -DCMAKE_INSTALL_PREFIX=/daniel/Desktop/ur5-rl/ros2_ws/install/ur_msgs
[0.084s] -- The C compiler identification is GNU 11.4.0
[0.118s] -- The CXX compiler identification is GNU 11.4.0
[0.122s] -- Detecting C compiler ABI info
[0.167s] -- Detecting C compiler ABI info - done
[0.171s] -- Check for working C compiler: /usr/bin/cc - skipped
[0.171s] -- Detecting C compile features
[0.171s] -- Detecting C compile features - done
[0.173s] -- Detecting CXX compiler ABI info
[0.223s] -- Detecting CXX compiler ABI info - done
[0.227s] -- Check for working CXX compiler: /usr/bin/c++ - skipped
[0.227s] -- Detecting CXX compile features
[0.227s] -- Detecting CXX compile features - done
[0.230s] -- Found ament_cmake: 1.3.8 (/opt/ros/humble/share/ament_cmake/cmake)
[0.315s] -- Found Python3: /usr/bin/python3 (found version "3.10.12") found components: Interpreter 
[0.375s] -- Found builtin_interfaces: 1.2.1 (/opt/ros/humble/share/builtin_interfaces/cmake)
[0.402s] -- Found rosidl_generator_c: 3.1.5 (/opt/ros/humble/share/rosidl_generator_c/cmake)
[0.407s] -- Found rosidl_adapter: 3.1.5 (/opt/ros/humble/share/rosidl_adapter/cmake)
[0.414s] -- Found rosidl_generator_cpp: 3.1.5 (/opt/ros/humble/share/rosidl_generator_cpp/cmake)
[0.423s] -- Using all available rosidl_typesupport_c: rosidl_typesupport_fastrtps_c;rosidl_typesupport_introspection_c
[0.436s] -- Using all available rosidl_typesupport_cpp: rosidl_typesupport_fastrtps_cpp;rosidl_typesupport_introspection_cpp
[0.448s] -- Found rosidl_default_generators: 1.2.0 (/opt/ros/humble/share/rosidl_default_generators/cmake)
[0.455s] -- Found geometry_msgs: 4.2.3 (/opt/ros/humble/share/geometry_msgs/cmake)
[0.512s] -- Found ament_lint_auto: 0.12.10 (/opt/ros/humble/share/ament_lint_auto/cmake)
[0.710s] -- Found ament_cmake_ros: 0.10.0 (/opt/ros/humble/share/ament_cmake_ros/cmake)
[0.944s] -- Using all available rosidl_typesupport_c: rosidl_typesupport_fastrtps_c;rosidl_typesupport_introspection_c
[1.035s] -- Using all available rosidl_typesupport_cpp: rosidl_typesupport_fastrtps_cpp;rosidl_typesupport_introspection_cpp
[1.049s] -- Found PythonInterp: /usr/bin/python3 (found suitable version "3.10.12", minimum required is "3.6") 
[1.051s] -- Found python_cmake_module: 0.10.0 (/opt/ros/humble/share/python_cmake_module/cmake)
[1.066s] -- Found PythonLibs: /usr/lib/x86_64-linux-gnu/libpython3.10.so (found suitable version "3.10.12", minimum required is "3.5") 
[1.066s] -- Using PYTHON_EXECUTABLE: /usr/bin/python3
[1.066s] -- Using PYTHON_INCLUDE_DIRS: /usr/include/python3.10
[1.066s] -- Using PYTHON_LIBRARIES: /usr/lib/x86_64-linux-gnu/libpython3.10.so
[1.078s] -- Found PythonExtra: .so  
[1.113s] -- Added test 'copyright' to check source files copyright and LICENSE
[1.119s] -- Added test 'lint_cmake' to check CMake code style
[1.122s] -- Added test 'xmllint' to check XML markup files
[1.125s] -- Configuring done
[1.155s] -- Generating done
[1.156s] -- Build files have been written to: /daniel/Desktop/ur5-rl/ros2_ws/build/ur_msgs
[1.162s] Invoked command in '/daniel/Desktop/ur5-rl/ros2_ws/build/ur_msgs' returned '0': CMAKE_PREFIX_PATH=/opt/ros/humble /usr/bin/cmake /daniel/Desktop/ur5-rl/ros2_ws/src/ur_msgs -DCMAKE_INSTALL_PREFIX=/daniel/Desktop/ur5-rl/ros2_ws/install/ur_msgs
[1.163s] Invoking command in '/daniel/Desktop/ur5-rl/ros2_ws/build/ur_msgs': CMAKE_PREFIX_PATH=/opt/ros/humble /usr/bin/cmake --build /daniel/Desktop/ur5-rl/ros2_ws/build/ur_msgs -- -j12 -l12
[1.192s] [  1%] [34m[1mGenerating C code for ROS interfaces[0m
[1.199s] [  1%] [34m[1mGenerating C++ code for ROS interfaces[0m
[1.203s] [  1%] Built target ament_cmake_python_copy_ur_msgs
[1.319s] running egg_info
[1.319s] creating ur_msgs.egg-info
[1.319s] writing ur_msgs.egg-info/PKG-INFO
[1.319s] writing dependency_links to ur_msgs.egg-info/dependency_links.txt
[1.319s] writing top-level names to ur_msgs.egg-info/top_level.txt
[1.319s] writing manifest file 'ur_msgs.egg-info/SOURCES.txt'
[1.320s] reading manifest file 'ur_msgs.egg-info/SOURCES.txt'
[1.320s] writing manifest file 'ur_msgs.egg-info/SOURCES.txt'
[1.336s] [  1%] Built target ament_cmake_python_build_ur_msgs_egg
[1.774s] [  1%] Built target ur_msgs__cpp
[1.781s] [  3%] [34m[1mGenerating C++ introspection for ROS interfaces[0m
[1.781s] [  3%] [34m[1mGenerating C++ type support dispatch for ROS interfaces[0m
[1.781s] [  4%] [34m[1mGenerating C++ type support for eProsima Fast-RTPS[0m
[1.792s] [  7%] [32mBuilding C object CMakeFiles/ur_msgs__rosidl_generator_c.dir/rosidl_generator_c/ur_msgs/msg/detail/io_states__functions.c.o[0m
[1.792s] [  7%] [32mBuilding C object CMakeFiles/ur_msgs__rosidl_generator_c.dir/rosidl_generator_c/ur_msgs/msg/detail/digital__functions.c.o[0m
[1.792s] [  7%] [32mBuilding C object CMakeFiles/ur_msgs__rosidl_generator_c.dir/rosidl_generator_c/ur_msgs/msg/detail/analog__functions.c.o[0m
[1.793s] [  9%] [32mBuilding C object CMakeFiles/ur_msgs__rosidl_generator_c.dir/rosidl_generator_c/ur_msgs/msg/detail/masterboard_data_msg__functions.c.o[0m
[1.793s] [  9%] [32mBuilding C object CMakeFiles/ur_msgs__rosidl_generator_c.dir/rosidl_generator_c/ur_msgs/msg/detail/robot_state_rt_msg__functions.c.o[0m
[1.793s] [ 11%] [32mBuilding C object CMakeFiles/ur_msgs__rosidl_generator_c.dir/rosidl_generator_c/ur_msgs/msg/detail/tool_data_msg__functions.c.o[0m
[1.793s] [ 11%] [32mBuilding C object CMakeFiles/ur_msgs__rosidl_generator_c.dir/rosidl_generator_c/ur_msgs/msg/detail/robot_mode_data_msg__functions.c.o[0m
[1.793s] [ 13%] [32mBuilding C object CMakeFiles/ur_msgs__rosidl_generator_c.dir/rosidl_generator_c/ur_msgs/srv/detail/set_payload__functions.c.o[0m
[1.794s] [ 13%] [32mBuilding C object CMakeFiles/ur_msgs__rosidl_generator_c.dir/rosidl_generator_c/ur_msgs/srv/detail/set_speed_slider_fraction__functions.c.o[0m
[1.827s] [ 14%] [32mBuilding C object CMakeFiles/ur_msgs__rosidl_generator_c.dir/rosidl_generator_c/ur_msgs/srv/detail/set_io__functions.c.o[0m
[1.862s] [ 15%] [32m[1mLinking C shared library libur_msgs__rosidl_generator_c.so[0m
[1.888s] [ 15%] Built target ur_msgs__rosidl_generator_c
[1.895s] [ 17%] [34m[1mGenerating C type support for eProsima Fast-RTPS[0m
[1.895s] [ 17%] [34m[1mGenerating C type support dispatch for ROS interfaces[0m
[1.896s] [ 18%] [34m[1mGenerating C introspection for ROS interfaces[0m
[2.199s] [ 19%] [32mBuilding CXX object CMakeFiles/ur_msgs__rosidl_typesupport_cpp.dir/rosidl_typesupport_cpp/ur_msgs/msg/analog__type_support.cpp.o[0m
[2.199s] [ 21%] [32mBuilding CXX object CMakeFiles/ur_msgs__rosidl_typesupport_cpp.dir/rosidl_typesupport_cpp/ur_msgs/msg/digital__type_support.cpp.o[0m
[2.199s] [ 21%] [32mBuilding CXX object CMakeFiles/ur_msgs__rosidl_typesupport_cpp.dir/rosidl_typesupport_cpp/ur_msgs/msg/io_states__type_support.cpp.o[0m
[2.199s] [ 23%] [32mBuilding CXX object CMakeFiles/ur_msgs__rosidl_typesupport_cpp.dir/rosidl_typesupport_cpp/ur_msgs/msg/masterboard_data_msg__type_support.cpp.o[0m
[2.199s] [ 23%] [32mBuilding CXX object CMakeFiles/ur_msgs__rosidl_typesupport_cpp.dir/rosidl_typesupport_cpp/ur_msgs/msg/robot_state_rt_msg__type_support.cpp.o[0m
[2.200s] [ 24%] [32mBuilding CXX object CMakeFiles/ur_msgs__rosidl_typesupport_cpp.dir/rosidl_typesupport_cpp/ur_msgs/msg/tool_data_msg__type_support.cpp.o[0m
[2.200s] [ 25%] [32mBuilding CXX object CMakeFiles/ur_msgs__rosidl_typesupport_cpp.dir/rosidl_typesupport_cpp/ur_msgs/msg/robot_mode_data_msg__type_support.cpp.o[0m
[2.333s] [ 26%] [32mBuilding CXX object CMakeFiles/ur_msgs__rosidl_typesupport_introspection_cpp.dir/rosidl_typesupport_introspection_cpp/ur_msgs/msg/detail/analog__type_support.cpp.o[0m
[2.342s] [ 27%] [32mBuilding CXX object CMakeFiles/ur_msgs__rosidl_typesupport_introspection_cpp.dir/rosidl_typesupport_introspection_cpp/ur_msgs/msg/detail/digital__type_support.cpp.o[0m
[2.346s] [ 28%] [32mBuilding CXX object CMakeFiles/ur_msgs__rosidl_typesupport_cpp.dir/rosidl_typesupport_cpp/ur_msgs/srv/set_payload__type_support.cpp.o[0m
[2.348s] [ 30%] [32mBuilding CXX object CMakeFiles/ur_msgs__rosidl_typesupport_cpp.dir/rosidl_typesupport_cpp/ur_msgs/srv/set_speed_slider_fraction__type_support.cpp.o[0m
[2.348s] [ 30%] [32mBuilding CXX object CMakeFiles/ur_msgs__rosidl_typesupport_cpp.dir/rosidl_typesupport_cpp/ur_msgs/srv/set_io__type_support.cpp.o[0m
[2.349s] [ 31%] [32mBuilding CXX object CMakeFiles/ur_msgs__rosidl_typesupport_introspection_cpp.dir/rosidl_typesupport_introspection_cpp/ur_msgs/msg/detail/io_states__type_support.cpp.o[0m
[2.349s] [ 32%] [32mBuilding CXX object CMakeFiles/ur_msgs__rosidl_typesupport_introspection_cpp.dir/rosidl_typesupport_introspection_cpp/ur_msgs/msg/detail/robot_state_rt_msg__type_support.cpp.o[0m
[2.356s] [ 33%] [32mBuilding CXX object CMakeFiles/ur_msgs__rosidl_typesupport_c.dir/rosidl_typesupport_c/ur_msgs/msg/analog__type_support.cpp.o[0m
[2.358s] [ 34%] [32mBuilding CXX object CMakeFiles/ur_msgs__rosidl_typesupport_c.dir/rosidl_typesupport_c/ur_msgs/msg/digital__type_support.cpp.o[0m
[2.378s] [ 35%] [32mBuilding CXX object CMakeFiles/ur_msgs__rosidl_typesupport_fastrtps_cpp.dir/rosidl_typesupport_fastrtps_cpp/ur_msgs/msg/detail/dds_fastrtps/analog__type_support.cpp.o[0m
[2.378s] [ 37%] [32mBuilding CXX object CMakeFiles/ur_msgs__rosidl_typesupport_introspection_cpp.dir/rosidl_typesupport_introspection_cpp/ur_msgs/msg/detail/masterboard_data_msg__type_support.cpp.o[0m
[2.378s] [ 37%] [32mBuilding CXX object CMakeFiles/ur_msgs__rosidl_typesupport_c.dir/rosidl_typesupport_c/ur_msgs/msg/io_states__type_support.cpp.o[0m
[2.402s] [ 38%] [32mBuilding CXX object CMakeFiles/ur_msgs__rosidl_typesupport_c.dir/rosidl_typesupport_c/ur_msgs/msg/robot_state_rt_msg__type_support.cpp.o[0m
[2.426s] [ 39%] [32mBuilding CXX object CMakeFiles/ur_msgs__rosidl_typesupport_c.dir/rosidl_typesupport_c/ur_msgs/msg/masterboard_data_msg__type_support.cpp.o[0m
[2.455s] [ 40%] [32mBuilding CXX object CMakeFiles/ur_msgs__rosidl_typesupport_c.dir/rosidl_typesupport_c/ur_msgs/msg/robot_mode_data_msg__type_support.cpp.o[0m
[2.475s] [ 41%] [32mBuilding CXX object CMakeFiles/ur_msgs__rosidl_typesupport_c.dir/rosidl_typesupport_c/ur_msgs/msg/tool_data_msg__type_support.cpp.o[0m
[2.493s] [ 42%] [32mBuilding C object CMakeFiles/ur_msgs__rosidl_typesupport_introspection_c.dir/rosidl_typesupport_introspection_c/ur_msgs/msg/detail/analog__type_support.c.o[0m
[2.495s] [ 44%] [32mBuilding CXX object CMakeFiles/ur_msgs__rosidl_typesupport_fastrtps_cpp.dir/rosidl_typesupport_fastrtps_cpp/ur_msgs/msg/detail/dds_fastrtps/digital__type_support.cpp.o[0m
[2.495s] [ 44%] [32mBuilding CXX object CMakeFiles/ur_msgs__rosidl_typesupport_c.dir/rosidl_typesupport_c/ur_msgs/srv/set_payload__type_support.cpp.o[0m
[2.496s] [ 44%] [32mBuilding CXX object CMakeFiles/ur_msgs__rosidl_typesupport_c.dir/rosidl_typesupport_c/ur_msgs/srv/set_speed_slider_fraction__type_support.cpp.o[0m
[2.497s] [ 45%] [32m[1mLinking CXX shared library libur_msgs__rosidl_typesupport_cpp.so[0m
[2.502s] [ 46%] [32mBuilding CXX object CMakeFiles/ur_msgs__rosidl_typesupport_fastrtps_c.dir/rosidl_typesupport_fastrtps_c/ur_msgs/msg/detail/analog__type_support_c.cpp.o[0m
[2.516s] [ 48%] [32mBuilding CXX object CMakeFiles/ur_msgs__rosidl_typesupport_c.dir/rosidl_typesupport_c/ur_msgs/srv/set_io__type_support.cpp.o[0m
[2.517s] [ 48%] [32mBuilding C object CMakeFiles/ur_msgs__rosidl_typesupport_introspection_c.dir/rosidl_typesupport_introspection_c/ur_msgs/msg/detail/digital__type_support.c.o[0m
[2.520s] [ 49%] [32mBuilding C object CMakeFiles/ur_msgs__rosidl_typesupport_introspection_c.dir/rosidl_typesupport_introspection_c/ur_msgs/msg/detail/io_states__type_support.c.o[0m
[2.525s] [ 49%] Built target ur_msgs__rosidl_typesupport_cpp
[2.526s] [ 50%] [32mBuilding CXX object CMakeFiles/ur_msgs__rosidl_typesupport_introspection_cpp.dir/rosidl_typesupport_introspection_cpp/ur_msgs/msg/detail/robot_mode_data_msg__type_support.cpp.o[0m
[2.532s] [ 51%] [32mBuilding CXX object CMakeFiles/ur_msgs__rosidl_typesupport_fastrtps_c.dir/rosidl_typesupport_fastrtps_c/ur_msgs/msg/detail/digital__type_support_c.cpp.o[0m
[2.535s] [ 52%] [32mBuilding CXX object CMakeFiles/ur_msgs__rosidl_typesupport_introspection_cpp.dir/rosidl_typesupport_introspection_cpp/ur_msgs/msg/detail/tool_data_msg__type_support.cpp.o[0m
[2.538s] [ 53%] [32m[1mLinking CXX shared library libur_msgs__rosidl_typesupport_c.so[0m
[2.539s] [ 54%] [32mBuilding C object CMakeFiles/ur_msgs__rosidl_typesupport_introspection_c.dir/rosidl_typesupport_introspection_c/ur_msgs/msg/detail/robot_state_rt_msg__type_support.c.o[0m
[2.551s] [ 55%] [32mBuilding CXX object CMakeFiles/ur_msgs__rosidl_typesupport_fastrtps_c.dir/rosidl_typesupport_fastrtps_c/ur_msgs/msg/detail/io_states__type_support_c.cpp.o[0m
[2.567s] [ 55%] Built target ur_msgs__rosidl_typesupport_c
[2.572s] [ 56%] [32mBuilding CXX object CMakeFiles/ur_msgs__rosidl_typesupport_introspection_cpp.dir/rosidl_typesupport_introspection_cpp/ur_msgs/srv/detail/set_payload__type_support.cpp.o[0m
[2.573s] [ 57%] [32mBuilding CXX object CMakeFiles/ur_msgs__rosidl_typesupport_introspection_cpp.dir/rosidl_typesupport_introspection_cpp/ur_msgs/srv/detail/set_speed_slider_fraction__type_support.cpp.o[0m
[2.581s] [ 58%] [32mBuilding C object CMakeFiles/ur_msgs__rosidl_typesupport_introspection_c.dir/rosidl_typesupport_introspection_c/ur_msgs/msg/detail/masterboard_data_msg__type_support.c.o[0m
[2.581s] [ 58%] [32mBuilding CXX object CMakeFiles/ur_msgs__rosidl_typesupport_fastrtps_cpp.dir/rosidl_typesupport_fastrtps_cpp/ur_msgs/msg/detail/dds_fastrtps/io_states__type_support.cpp.o[0m
[2.582s] [ 59%] [32mBuilding CXX object CMakeFiles/ur_msgs__rosidl_typesupport_introspection_cpp.dir/rosidl_typesupport_introspection_cpp/ur_msgs/srv/detail/set_io__type_support.cpp.o[0m
[2.591s] [ 60%] [32mBuilding CXX object CMakeFiles/ur_msgs__rosidl_typesupport_fastrtps_cpp.dir/rosidl_typesupport_fastrtps_cpp/ur_msgs/msg/detail/dds_fastrtps/robot_state_rt_msg__type_support.cpp.o[0m
[2.606s] [ 61%] [32mBuilding C object CMakeFiles/ur_msgs__rosidl_typesupport_introspection_c.dir/rosidl_typesupport_introspection_c/ur_msgs/msg/detail/robot_mode_data_msg__type_support.c.o[0m
[2.630s] [ 62%] [32mBuilding C object CMakeFiles/ur_msgs__rosidl_typesupport_introspection_c.dir/rosidl_typesupport_introspection_c/ur_msgs/msg/detail/tool_data_msg__type_support.c.o[0m
[2.654s] [ 63%] [32mBuilding C object CMakeFiles/ur_msgs__rosidl_typesupport_introspection_c.dir/rosidl_typesupport_introspection_c/ur_msgs/srv/detail/set_payload__type_support.c.o[0m
[2.680s] [ 64%] [32mBuilding C object CMakeFiles/ur_msgs__rosidl_typesupport_introspection_c.dir/rosidl_typesupport_introspection_c/ur_msgs/srv/detail/set_speed_slider_fraction__type_support.c.o[0m
[2.700s] [ 65%] [32mBuilding CXX object CMakeFiles/ur_msgs__rosidl_typesupport_fastrtps_c.dir/rosidl_typesupport_fastrtps_c/ur_msgs/msg/detail/robot_state_rt_msg__type_support_c.cpp.o[0m
[2.701s] [ 66%] [32mBuilding CXX object CMakeFiles/ur_msgs__rosidl_typesupport_fastrtps_cpp.dir/rosidl_typesupport_fastrtps_cpp/ur_msgs/msg/detail/dds_fastrtps/masterboard_data_msg__type_support.cpp.o[0m
[2.718s] [ 67%] [32mBuilding C object CMakeFiles/ur_msgs__rosidl_typesupport_introspection_c.dir/rosidl_typesupport_introspection_c/ur_msgs/srv/detail/set_io__type_support.c.o[0m
[2.718s] [ 68%] [32mBuilding CXX object CMakeFiles/ur_msgs__rosidl_typesupport_fastrtps_c.dir/rosidl_typesupport_fastrtps_c/ur_msgs/msg/detail/masterboard_data_msg__type_support_c.cpp.o[0m
[2.723s] [ 69%] [32mBuilding CXX object CMakeFiles/ur_msgs__rosidl_typesupport_fastrtps_c.dir/rosidl_typesupport_fastrtps_c/ur_msgs/msg/detail/robot_mode_data_msg__type_support_c.cpp.o[0m
[2.729s] [ 70%] [32mBuilding CXX object CMakeFiles/ur_msgs__rosidl_typesupport_fastrtps_c.dir/rosidl_typesupport_fastrtps_c/ur_msgs/msg/detail/tool_data_msg__type_support_c.cpp.o[0m
[2.743s] [ 71%] [32mBuilding CXX object CMakeFiles/ur_msgs__rosidl_typesupport_fastrtps_c.dir/rosidl_typesupport_fastrtps_c/ur_msgs/srv/detail/set_payload__type_support_c.cpp.o[0m
[2.743s] [ 72%] [32m[1mLinking C shared library libur_msgs__rosidl_typesupport_introspection_c.so[0m
[2.771s] [ 73%] [32mBuilding CXX object CMakeFiles/ur_msgs__rosidl_typesupport_fastrtps_c.dir/rosidl_typesupport_fastrtps_c/ur_msgs/srv/detail/set_speed_slider_fraction__type_support_c.cpp.o[0m
[2.772s] [ 74%] [32mBuilding CXX object CMakeFiles/ur_msgs__rosidl_typesupport_fastrtps_cpp.dir/rosidl_typesupport_fastrtps_cpp/ur_msgs/msg/detail/dds_fastrtps/robot_mode_data_msg__type_support.cpp.o[0m
[2.780s] [ 74%] Built target ur_msgs__rosidl_typesupport_introspection_c
[2.780s] [ 75%] [32m[1mLinking CXX shared library libur_msgs__rosidl_typesupport_introspection_cpp.so[0m
[2.786s] [ 76%] [32mBuilding CXX object CMakeFiles/ur_msgs__rosidl_typesupport_fastrtps_cpp.dir/rosidl_typesupport_fastrtps_cpp/ur_msgs/msg/detail/dds_fastrtps/tool_data_msg__type_support.cpp.o[0m
[2.827s] [ 76%] Built target ur_msgs__rosidl_typesupport_introspection_cpp
[2.829s] [ 77%] [32mBuilding CXX object CMakeFiles/ur_msgs__rosidl_typesupport_fastrtps_cpp.dir/rosidl_typesupport_fastrtps_cpp/ur_msgs/srv/detail/dds_fastrtps/set_payload__type_support.cpp.o[0m
[2.832s] [ 78%] [32mBuilding CXX object CMakeFiles/ur_msgs__rosidl_typesupport_fastrtps_cpp.dir/rosidl_typesupport_fastrtps_cpp/ur_msgs/srv/detail/dds_fastrtps/set_speed_slider_fraction__type_support.cpp.o[0m
[2.836s] [ 79%] [32mBuilding CXX object CMakeFiles/ur_msgs__rosidl_typesupport_fastrtps_cpp.dir/rosidl_typesupport_fastrtps_cpp/ur_msgs/srv/detail/dds_fastrtps/set_io__type_support.cpp.o[0m
[2.896s] [ 80%] [32mBuilding CXX object CMakeFiles/ur_msgs__rosidl_typesupport_fastrtps_c.dir/rosidl_typesupport_fastrtps_c/ur_msgs/srv/detail/set_io__type_support_c.cpp.o[0m
[3.050s] [ 81%] [32m[1mLinking CXX shared library libur_msgs__rosidl_typesupport_fastrtps_cpp.so[0m
[3.079s] [ 82%] [32m[1mLinking CXX shared library libur_msgs__rosidl_typesupport_fastrtps_c.so[0m
[3.098s] [ 82%] Built target ur_msgs__rosidl_typesupport_fastrtps_cpp
[3.127s] [ 82%] Built target ur_msgs__rosidl_typesupport_fastrtps_c
[3.140s] [ 82%] Built target ur_msgs
[3.154s] [ 83%] [34m[1mGenerating Python code for ROS interfaces[0m
[4.076s] [ 83%] Built target ur_msgs__py
[4.089s] [ 84%] [32mBuilding C object CMakeFiles/ur_msgs__rosidl_generator_py.dir/rosidl_generator_py/ur_msgs/msg/_analog_s.c.o[0m
[4.089s] [ 86%] [32mBuilding C object CMakeFiles/ur_msgs__rosidl_generator_py.dir/rosidl_generator_py/ur_msgs/msg/_digital_s.c.o[0m
[4.090s] [ 87%] [32mBuilding C object CMakeFiles/ur_msgs__rosidl_generator_py.dir/rosidl_generator_py/ur_msgs/msg/_robot_state_rt_msg_s.c.o[0m
[4.090s] [ 87%] [32mBuilding C object CMakeFiles/ur_msgs__rosidl_generator_py.dir/rosidl_generator_py/ur_msgs/msg/_robot_mode_data_msg_s.c.o[0m
[4.090s] [ 88%] [32mBuilding C object CMakeFiles/ur_msgs__rosidl_generator_py.dir/rosidl_generator_py/ur_msgs/msg/_io_states_s.c.o[0m
[4.090s] [ 89%] [32mBuilding C object CMakeFiles/ur_msgs__rosidl_generator_py.dir/rosidl_generator_py/ur_msgs/msg/_masterboard_data_msg_s.c.o[0m
[4.091s] [ 91%] [32mBuilding C object CMakeFiles/ur_msgs__rosidl_generator_py.dir/rosidl_generator_py/ur_msgs/srv/_set_io_s.c.o[0m
[4.091s] [ 91%] [32mBuilding C object CMakeFiles/ur_msgs__rosidl_generator_py.dir/rosidl_generator_py/ur_msgs/srv/_set_payload_s.c.o[0m
[4.091s] [ 92%] [32mBuilding C object CMakeFiles/ur_msgs__rosidl_generator_py.dir/rosidl_generator_py/ur_msgs/msg/_tool_data_msg_s.c.o[0m
[4.091s] [ 93%] [32mBuilding C object CMakeFiles/ur_msgs__rosidl_generator_py.dir/rosidl_generator_py/ur_msgs/srv/_set_speed_slider_fraction_s.c.o[0m
[4.192s] [ 94%] [32m[1mLinking C shared library rosidl_generator_py/ur_msgs/libur_msgs__rosidl_generator_py.so[0m
[4.221s] [ 94%] Built target ur_msgs__rosidl_generator_py
[4.236s] [ 96%] [32mBuilding C object CMakeFiles/ur_msgs__rosidl_typesupport_c__pyext.dir/rosidl_generator_py/ur_msgs/_ur_msgs_s.ep.rosidl_typesupport_c.c.o[0m
[4.236s] [ 96%] [32mBuilding C object CMakeFiles/ur_msgs__rosidl_typesupport_fastrtps_c__pyext.dir/rosidl_generator_py/ur_msgs/_ur_msgs_s.ep.rosidl_typesupport_fastrtps_c.c.o[0m
[4.236s] [ 97%] [32mBuilding C object CMakeFiles/ur_msgs__rosidl_typesupport_introspection_c__pyext.dir/rosidl_generator_py/ur_msgs/_ur_msgs_s.ep.rosidl_typesupport_introspection_c.c.o[0m
[4.318s] [ 98%] [32m[1mLinking C shared library rosidl_generator_py/ur_msgs/ur_msgs_s__rosidl_typesupport_c.cpython-310-x86_64-linux-gnu.so[0m
[4.318s] [ 99%] [32m[1mLinking C shared library rosidl_generator_py/ur_msgs/ur_msgs_s__rosidl_typesupport_introspection_c.cpython-310-x86_64-linux-gnu.so[0m
[4.323s] [100%] [32m[1mLinking C shared library rosidl_generator_py/ur_msgs/ur_msgs_s__rosidl_typesupport_fastrtps_c.cpython-310-x86_64-linux-gnu.so[0m
[4.345s] [100%] Built target ur_msgs__rosidl_typesupport_c__pyext
[4.345s] [100%] Built target ur_msgs__rosidl_typesupport_introspection_c__pyext
[4.350s] [100%] Built target ur_msgs__rosidl_typesupport_fastrtps_c__pyext
[4.359s] Invoked command in '/daniel/Desktop/ur5-rl/ros2_ws/build/ur_msgs' returned '0': CMAKE_PREFIX_PATH=/opt/ros/humble /usr/bin/cmake --build /daniel/Desktop/ur5-rl/ros2_ws/build/ur_msgs -- -j12 -l12
[4.506s] Invoking command in '/daniel/Desktop/ur5-rl/ros2_ws/build/ur_msgs': CMAKE_PREFIX_PATH=/opt/ros/humble /usr/bin/cmake --install /daniel/Desktop/ur5-rl/ros2_ws/build/ur_msgs
[4.511s] -- Install configuration: ""
[4.511s] -- Installing: /daniel/Desktop/ur5-rl/ros2_ws/install/ur_msgs/share/ament_index/resource_index/rosidl_interfaces/ur_msgs
[4.512s] -- Installing: /daniel/Desktop/ur5-rl/ros2_ws/install/ur_msgs/include/ur_msgs/ur_msgs
[4.512s] -- Installing: /daniel/Desktop/ur5-rl/ros2_ws/install/ur_msgs/include/ur_msgs/ur_msgs/srv
[4.512s] -- Installing: /daniel/Desktop/ur5-rl/ros2_ws/install/ur_msgs/include/ur_msgs/ur_msgs/srv/set_payload.h
[4.512s] -- Installing: /daniel/Desktop/ur5-rl/ros2_ws/install/ur_msgs/include/ur_msgs/ur_msgs/srv/set_speed_slider_fraction.h
[4.512s] -- Installing: /daniel/Desktop/ur5-rl/ros2_ws/install/ur_msgs/include/ur_msgs/ur_msgs/srv/set_io.h
[4.512s] -- Installing: /daniel/Desktop/ur5-rl/ros2_ws/install/ur_msgs/include/ur_msgs/ur_msgs/srv/detail
[4.512s] -- Installing: /daniel/Desktop/ur5-rl/ros2_ws/install/ur_msgs/include/ur_msgs/ur_msgs/srv/detail/set_io__functions.h
[4.512s] -- Installing: /daniel/Desktop/ur5-rl/ros2_ws/install/ur_msgs/include/ur_msgs/ur_msgs/srv/detail/set_io__functions.c
[4.512s] -- Installing: /daniel/Desktop/ur5-rl/ros2_ws/install/ur_msgs/include/ur_msgs/ur_msgs/srv/detail/set_speed_slider_fraction__functions.c
[4.512s] -- Installing: /daniel/Desktop/ur5-rl/ros2_ws/install/ur_msgs/include/ur_msgs/ur_msgs/srv/detail/set_payload__struct.h
[4.512s] -- Installing: /daniel/Desktop/ur5-rl/ros2_ws/install/ur_msgs/include/ur_msgs/ur_msgs/srv/detail/set_speed_slider_fraction__type_support.h
[4.512s] -- Installing: /daniel/Desktop/ur5-rl/ros2_ws/install/ur_msgs/include/ur_msgs/ur_msgs/srv/detail/set_payload__functions.c
[4.512s] -- Installing: /daniel/Desktop/ur5-rl/ros2_ws/install/ur_msgs/include/ur_msgs/ur_msgs/srv/detail/set_speed_slider_fraction__struct.h
[4.513s] -- Installing: /daniel/Desktop/ur5-rl/ros2_ws/install/ur_msgs/include/ur_msgs/ur_msgs/srv/detail/set_payload__type_support.h
[4.513s] -- Installing: /daniel/Desktop/ur5-rl/ros2_ws/install/ur_msgs/include/ur_msgs/ur_msgs/srv/detail/set_speed_slider_fraction__functions.h
[4.513s] -- Installing: /daniel/Desktop/ur5-rl/ros2_ws/install/ur_msgs/include/ur_msgs/ur_msgs/srv/detail/set_io__struct.h
[4.513s] -- Installing: /daniel/Desktop/ur5-rl/ros2_ws/install/ur_msgs/include/ur_msgs/ur_msgs/srv/detail/set_io__type_support.h
[4.513s] -- Installing: /daniel/Desktop/ur5-rl/ros2_ws/install/ur_msgs/include/ur_msgs/ur_msgs/srv/detail/set_payload__functions.h
[4.513s] -- Installing: /daniel/Desktop/ur5-rl/ros2_ws/install/ur_msgs/include/ur_msgs/ur_msgs/msg
[4.513s] -- Installing: /daniel/Desktop/ur5-rl/ros2_ws/install/ur_msgs/include/ur_msgs/ur_msgs/msg/tool_data_msg.h
[4.513s] -- Installing: /daniel/Desktop/ur5-rl/ros2_ws/install/ur_msgs/include/ur_msgs/ur_msgs/msg/digital.h
[4.513s] -- Installing: /daniel/Desktop/ur5-rl/ros2_ws/install/ur_msgs/include/ur_msgs/ur_msgs/msg/analog.h
[4.513s] -- Installing: /daniel/Desktop/ur5-rl/ros2_ws/install/ur_msgs/include/ur_msgs/ur_msgs/msg/robot_state_rt_msg.h
[4.513s] -- Installing: /daniel/Desktop/ur5-rl/ros2_ws/install/ur_msgs/include/ur_msgs/ur_msgs/msg/rosidl_generator_c__visibility_control.h
[4.514s] -- Installing: /daniel/Desktop/ur5-rl/ros2_ws/install/ur_msgs/include/ur_msgs/ur_msgs/msg/masterboard_data_msg.h
[4.514s] -- Installing: /daniel/Desktop/ur5-rl/ros2_ws/install/ur_msgs/include/ur_msgs/ur_msgs/msg/io_states.h
[4.514s] -- Installing: /daniel/Desktop/ur5-rl/ros2_ws/install/ur_msgs/include/ur_msgs/ur_msgs/msg/detail
[4.514s] -- Installing: /daniel/Desktop/ur5-rl/ros2_ws/install/ur_msgs/include/ur_msgs/ur_msgs/msg/detail/io_states__struct.h
[4.514s] -- Installing: /daniel/Desktop/ur5-rl/ros2_ws/install/ur_msgs/include/ur_msgs/ur_msgs/msg/detail/masterboard_data_msg__functions.c
[4.514s] -- Installing: /daniel/Desktop/ur5-rl/ros2_ws/install/ur_msgs/include/ur_msgs/ur_msgs/msg/detail/analog__struct.h
[4.514s] -- Installing: /daniel/Desktop/ur5-rl/ros2_ws/install/ur_msgs/include/ur_msgs/ur_msgs/msg/detail/robot_state_rt_msg__functions.h
[4.514s] -- Installing: /daniel/Desktop/ur5-rl/ros2_ws/install/ur_msgs/include/ur_msgs/ur_msgs/msg/detail/tool_data_msg__struct.h
[4.514s] -- Installing: /daniel/Desktop/ur5-rl/ros2_ws/install/ur_msgs/include/ur_msgs/ur_msgs/msg/detail/masterboard_data_msg__type_support.h
[4.514s] -- Installing: /daniel/Desktop/ur5-rl/ros2_ws/install/ur_msgs/include/ur_msgs/ur_msgs/msg/detail/io_states__type_support.h
[4.515s] -- Installing: /daniel/Desktop/ur5-rl/ros2_ws/install/ur_msgs/include/ur_msgs/ur_msgs/msg/detail/analog__type_support.h
[4.515s] -- Installing: /daniel/Desktop/ur5-rl/ros2_ws/install/ur_msgs/include/ur_msgs/ur_msgs/msg/detail/tool_data_msg__functions.h
[4.515s] -- Installing: /daniel/Desktop/ur5-rl/ros2_ws/install/ur_msgs/include/ur_msgs/ur_msgs/msg/detail/robot_state_rt_msg__functions.c
[4.515s] -- Installing: /daniel/Desktop/ur5-rl/ros2_ws/install/ur_msgs/include/ur_msgs/ur_msgs/msg/detail/tool_data_msg__functions.c
[4.515s] -- Installing: /daniel/Desktop/ur5-rl/ros2_ws/install/ur_msgs/include/ur_msgs/ur_msgs/msg/detail/tool_data_msg__type_support.h
[4.515s] -- Installing: /daniel/Desktop/ur5-rl/ros2_ws/install/ur_msgs/include/ur_msgs/ur_msgs/msg/detail/robot_mode_data_msg__functions.h
[4.515s] -- Installing: /daniel/Desktop/ur5-rl/ros2_ws/install/ur_msgs/include/ur_msgs/ur_msgs/msg/detail/robot_state_rt_msg__struct.h
[4.515s] -- Installing: /daniel/Desktop/ur5-rl/ros2_ws/install/ur_msgs/include/ur_msgs/ur_msgs/msg/detail/robot_state_rt_msg__type_support.h
[4.515s] -- Installing: /daniel/Desktop/ur5-rl/ros2_ws/install/ur_msgs/include/ur_msgs/ur_msgs/msg/detail/masterboard_data_msg__struct.h
[4.515s] -- Installing: /daniel/Desktop/ur5-rl/ros2_ws/install/ur_msgs/include/ur_msgs/ur_msgs/msg/detail/analog__functions.h
[4.515s] -- Installing: /daniel/Desktop/ur5-rl/ros2_ws/install/ur_msgs/include/ur_msgs/ur_msgs/msg/detail/digital__functions.c
[4.515s] -- Installing: /daniel/Desktop/ur5-rl/ros2_ws/install/ur_msgs/include/ur_msgs/ur_msgs/msg/detail/robot_mode_data_msg__type_support.h
[4.515s] -- Installing: /daniel/Desktop/ur5-rl/ros2_ws/install/ur_msgs/include/ur_msgs/ur_msgs/msg/detail/digital__struct.h
[4.516s] -- Installing: /daniel/Desktop/ur5-rl/ros2_ws/install/ur_msgs/include/ur_msgs/ur_msgs/msg/detail/analog__functions.c
[4.516s] -- Installing: /daniel/Desktop/ur5-rl/ros2_ws/install/ur_msgs/include/ur_msgs/ur_msgs/msg/detail/io_states__functions.h
[4.516s] -- Installing: /daniel/Desktop/ur5-rl/ros2_ws/install/ur_msgs/include/ur_msgs/ur_msgs/msg/detail/digital__type_support.h
[4.516s] -- Installing: /daniel/Desktop/ur5-rl/ros2_ws/install/ur_msgs/include/ur_msgs/ur_msgs/msg/detail/robot_mode_data_msg__struct.h
[4.516s] -- Installing: /daniel/Desktop/ur5-rl/ros2_ws/install/ur_msgs/include/ur_msgs/ur_msgs/msg/detail/io_states__functions.c
[4.516s] -- Installing: /daniel/Desktop/ur5-rl/ros2_ws/install/ur_msgs/include/ur_msgs/ur_msgs/msg/detail/robot_mode_data_msg__functions.c
[4.516s] -- Installing: /daniel/Desktop/ur5-rl/ros2_ws/install/ur_msgs/include/ur_msgs/ur_msgs/msg/detail/masterboard_data_msg__functions.h
[4.516s] -- Installing: /daniel/Desktop/ur5-rl/ros2_ws/install/ur_msgs/include/ur_msgs/ur_msgs/msg/detail/digital__functions.h
[4.516s] -- Installing: /daniel/Desktop/ur5-rl/ros2_ws/install/ur_msgs/include/ur_msgs/ur_msgs/msg/robot_mode_data_msg.h
[4.516s] -- Installing: /daniel/Desktop/ur5-rl/ros2_ws/install/ur_msgs/share/ur_msgs/environment/library_path.sh
[4.516s] -- Installing: /daniel/Desktop/ur5-rl/ros2_ws/install/ur_msgs/share/ur_msgs/environment/library_path.dsv
[4.516s] -- Installing: /daniel/Desktop/ur5-rl/ros2_ws/install/ur_msgs/lib/libur_msgs__rosidl_generator_c.so
[4.517s] -- Set runtime path of "/daniel/Desktop/ur5-rl/ros2_ws/install/ur_msgs/lib/libur_msgs__rosidl_generator_c.so" to ""
[4.517s] -- Up-to-date: /daniel/Desktop/ur5-rl/ros2_ws/install/ur_msgs/include/ur_msgs/ur_msgs
[4.517s] -- Up-to-date: /daniel/Desktop/ur5-rl/ros2_ws/install/ur_msgs/include/ur_msgs/ur_msgs/srv
[4.517s] -- Up-to-date: /daniel/Desktop/ur5-rl/ros2_ws/install/ur_msgs/include/ur_msgs/ur_msgs/srv/detail
[4.517s] -- Installing: /daniel/Desktop/ur5-rl/ros2_ws/install/ur_msgs/include/ur_msgs/ur_msgs/srv/detail/set_io__rosidl_typesupport_fastrtps_c.h
[4.517s] -- Installing: /daniel/Desktop/ur5-rl/ros2_ws/install/ur_msgs/include/ur_msgs/ur_msgs/srv/detail/set_speed_slider_fraction__rosidl_typesupport_fastrtps_c.h
[4.517s] -- Installing: /daniel/Desktop/ur5-rl/ros2_ws/install/ur_msgs/include/ur_msgs/ur_msgs/srv/detail/set_payload__rosidl_typesupport_fastrtps_c.h
[4.517s] -- Up-to-date: /daniel/Desktop/ur5-rl/ros2_ws/install/ur_msgs/include/ur_msgs/ur_msgs/msg
[4.517s] -- Installing: /daniel/Desktop/ur5-rl/ros2_ws/install/ur_msgs/include/ur_msgs/ur_msgs/msg/rosidl_typesupport_fastrtps_c__visibility_control.h
[4.517s] -- Up-to-date: /daniel/Desktop/ur5-rl/ros2_ws/install/ur_msgs/include/ur_msgs/ur_msgs/msg/detail
[4.517s] -- Installing: /daniel/Desktop/ur5-rl/ros2_ws/install/ur_msgs/include/ur_msgs/ur_msgs/msg/detail/masterboard_data_msg__rosidl_typesupport_fastrtps_c.h
[4.517s] -- Installing: /daniel/Desktop/ur5-rl/ros2_ws/install/ur_msgs/include/ur_msgs/ur_msgs/msg/detail/analog__rosidl_typesupport_fastrtps_c.h
[4.518s] -- Installing: /daniel/Desktop/ur5-rl/ros2_ws/install/ur_msgs/include/ur_msgs/ur_msgs/msg/detail/digital__rosidl_typesupport_fastrtps_c.h
[4.518s] -- Installing: /daniel/Desktop/ur5-rl/ros2_ws/install/ur_msgs/include/ur_msgs/ur_msgs/msg/detail/io_states__rosidl_typesupport_fastrtps_c.h
[4.518s] -- Installing: /daniel/Desktop/ur5-rl/ros2_ws/install/ur_msgs/include/ur_msgs/ur_msgs/msg/detail/robot_state_rt_msg__rosidl_typesupport_fastrtps_c.h
[4.518s] -- Installing: /daniel/Desktop/ur5-rl/ros2_ws/install/ur_msgs/include/ur_msgs/ur_msgs/msg/detail/tool_data_msg__rosidl_typesupport_fastrtps_c.h
[4.518s] -- Installing: /daniel/Desktop/ur5-rl/ros2_ws/install/ur_msgs/include/ur_msgs/ur_msgs/msg/detail/robot_mode_data_msg__rosidl_typesupport_fastrtps_c.h
[4.518s] -- Installing: /daniel/Desktop/ur5-rl/ros2_ws/install/ur_msgs/lib/libur_msgs__rosidl_typesupport_fastrtps_c.so
[4.518s] -- Set runtime path of "/daniel/Desktop/ur5-rl/ros2_ws/install/ur_msgs/lib/libur_msgs__rosidl_typesupport_fastrtps_c.so" to ""
[4.518s] -- Up-to-date: /daniel/Desktop/ur5-rl/ros2_ws/install/ur_msgs/include/ur_msgs/ur_msgs
[4.518s] -- Up-to-date: /daniel/Desktop/ur5-rl/ros2_ws/install/ur_msgs/include/ur_msgs/ur_msgs/srv
[4.518s] -- Installing: /daniel/Desktop/ur5-rl/ros2_ws/install/ur_msgs/include/ur_msgs/ur_msgs/srv/set_payload.hpp
[4.518s] -- Installing: /daniel/Desktop/ur5-rl/ros2_ws/install/ur_msgs/include/ur_msgs/ur_msgs/srv/set_speed_slider_fraction.hpp
[4.518s] -- Installing: /daniel/Desktop/ur5-rl/ros2_ws/install/ur_msgs/include/ur_msgs/ur_msgs/srv/set_io.hpp
[4.519s] -- Up-to-date: /daniel/Desktop/ur5-rl/ros2_ws/install/ur_msgs/include/ur_msgs/ur_msgs/srv/detail
[4.519s] -- Installing: /daniel/Desktop/ur5-rl/ros2_ws/install/ur_msgs/include/ur_msgs/ur_msgs/srv/detail/set_io__traits.hpp
[4.519s] -- Installing: /daniel/Desktop/ur5-rl/ros2_ws/install/ur_msgs/include/ur_msgs/ur_msgs/srv/detail/set_speed_slider_fraction__builder.hpp
[4.519s] -- Installing: /daniel/Desktop/ur5-rl/ros2_ws/install/ur_msgs/include/ur_msgs/ur_msgs/srv/detail/set_speed_slider_fraction__traits.hpp
[4.519s] -- Installing: /daniel/Desktop/ur5-rl/ros2_ws/install/ur_msgs/include/ur_msgs/ur_msgs/srv/detail/set_payload__traits.hpp
[4.519s] -- Installing: /daniel/Desktop/ur5-rl/ros2_ws/install/ur_msgs/include/ur_msgs/ur_msgs/srv/detail/set_io__struct.hpp
[4.519s] -- Installing: /daniel/Desktop/ur5-rl/ros2_ws/install/ur_msgs/include/ur_msgs/ur_msgs/srv/detail/set_io__builder.hpp
[4.519s] -- Installing: /daniel/Desktop/ur5-rl/ros2_ws/install/ur_msgs/include/ur_msgs/ur_msgs/srv/detail/set_payload__builder.hpp
[4.519s] -- Installing: /daniel/Desktop/ur5-rl/ros2_ws/install/ur_msgs/include/ur_msgs/ur_msgs/srv/detail/set_speed_slider_fraction__struct.hpp
[4.519s] -- Installing: /daniel/Desktop/ur5-rl/ros2_ws/install/ur_msgs/include/ur_msgs/ur_msgs/srv/detail/set_payload__struct.hpp
[4.519s] -- Up-to-date: /daniel/Desktop/ur5-rl/ros2_ws/install/ur_msgs/include/ur_msgs/ur_msgs/msg
[4.519s] -- Installing: /daniel/Desktop/ur5-rl/ros2_ws/install/ur_msgs/include/ur_msgs/ur_msgs/msg/analog.hpp
[4.519s] -- Installing: /daniel/Desktop/ur5-rl/ros2_ws/install/ur_msgs/include/ur_msgs/ur_msgs/msg/digital.hpp
[4.519s] -- Installing: /daniel/Desktop/ur5-rl/ros2_ws/install/ur_msgs/include/ur_msgs/ur_msgs/msg/io_states.hpp
[4.519s] -- Installing: /daniel/Desktop/ur5-rl/ros2_ws/install/ur_msgs/include/ur_msgs/ur_msgs/msg/masterboard_data_msg.hpp
[4.520s] -- Installing: /daniel/Desktop/ur5-rl/ros2_ws/install/ur_msgs/include/ur_msgs/ur_msgs/msg/robot_mode_data_msg.hpp
[4.520s] -- Installing: /daniel/Desktop/ur5-rl/ros2_ws/install/ur_msgs/include/ur_msgs/ur_msgs/msg/tool_data_msg.hpp
[4.520s] -- Up-to-date: /daniel/Desktop/ur5-rl/ros2_ws/install/ur_msgs/include/ur_msgs/ur_msgs/msg/detail
[4.520s] -- Installing: /daniel/Desktop/ur5-rl/ros2_ws/install/ur_msgs/include/ur_msgs/ur_msgs/msg/detail/digital__builder.hpp
[4.520s] -- Installing: /daniel/Desktop/ur5-rl/ros2_ws/install/ur_msgs/include/ur_msgs/ur_msgs/msg/detail/analog__struct.hpp
[4.520s] -- Installing: /daniel/Desktop/ur5-rl/ros2_ws/install/ur_msgs/include/ur_msgs/ur_msgs/msg/detail/digital__struct.hpp
[4.520s] -- Installing: /daniel/Desktop/ur5-rl/ros2_ws/install/ur_msgs/include/ur_msgs/ur_msgs/msg/detail/analog__builder.hpp
[4.520s] -- Installing: /daniel/Desktop/ur5-rl/ros2_ws/install/ur_msgs/include/ur_msgs/ur_msgs/msg/detail/masterboard_data_msg__traits.hpp
[4.520s] -- Installing: /daniel/Desktop/ur5-rl/ros2_ws/install/ur_msgs/include/ur_msgs/ur_msgs/msg/detail/tool_data_msg__traits.hpp
[4.520s] -- Installing: /daniel/Desktop/ur5-rl/ros2_ws/install/ur_msgs/include/ur_msgs/ur_msgs/msg/detail/robot_mode_data_msg__builder.hpp
[4.520s] -- Installing: /daniel/Desktop/ur5-rl/ros2_ws/install/ur_msgs/include/ur_msgs/ur_msgs/msg/detail/digital__traits.hpp
[4.520s] -- Installing: /daniel/Desktop/ur5-rl/ros2_ws/install/ur_msgs/include/ur_msgs/ur_msgs/msg/detail/io_states__traits.hpp
[4.520s] -- Installing: /daniel/Desktop/ur5-rl/ros2_ws/install/ur_msgs/include/ur_msgs/ur_msgs/msg/detail/io_states__builder.hpp
[4.520s] -- Installing: /daniel/Desktop/ur5-rl/ros2_ws/install/ur_msgs/include/ur_msgs/ur_msgs/msg/detail/tool_data_msg__struct.hpp
[4.520s] -- Installing: /daniel/Desktop/ur5-rl/ros2_ws/install/ur_msgs/include/ur_msgs/ur_msgs/msg/detail/io_states__struct.hpp
[4.521s] -- Installing: /daniel/Desktop/ur5-rl/ros2_ws/install/ur_msgs/include/ur_msgs/ur_msgs/msg/detail/robot_mode_data_msg__struct.hpp
[4.521s] -- Installing: /daniel/Desktop/ur5-rl/ros2_ws/install/ur_msgs/include/ur_msgs/ur_msgs/msg/detail/masterboard_data_msg__builder.hpp
[4.521s] -- Installing: /daniel/Desktop/ur5-rl/ros2_ws/install/ur_msgs/include/ur_msgs/ur_msgs/msg/detail/masterboard_data_msg__struct.hpp
[4.521s] -- Installing: /daniel/Desktop/ur5-rl/ros2_ws/install/ur_msgs/include/ur_msgs/ur_msgs/msg/detail/analog__traits.hpp
[4.521s] -- Installing: /daniel/Desktop/ur5-rl/ros2_ws/install/ur_msgs/include/ur_msgs/ur_msgs/msg/detail/robot_state_rt_msg__builder.hpp
[4.521s] -- Installing: /daniel/Desktop/ur5-rl/ros2_ws/install/ur_msgs/include/ur_msgs/ur_msgs/msg/detail/robot_state_rt_msg__traits.hpp
[4.521s] -- Installing: /daniel/Desktop/ur5-rl/ros2_ws/install/ur_msgs/include/ur_msgs/ur_msgs/msg/detail/robot_mode_data_msg__traits.hpp
[4.521s] -- Installing: /daniel/Desktop/ur5-rl/ros2_ws/install/ur_msgs/include/ur_msgs/ur_msgs/msg/detail/robot_state_rt_msg__struct.hpp
[4.521s] -- Installing: /daniel/Desktop/ur5-rl/ros2_ws/install/ur_msgs/include/ur_msgs/ur_msgs/msg/detail/tool_data_msg__builder.hpp
[4.521s] -- Installing: /daniel/Desktop/ur5-rl/ros2_ws/install/ur_msgs/include/ur_msgs/ur_msgs/msg/robot_state_rt_msg.hpp
[4.521s] -- Up-to-date: /daniel/Desktop/ur5-rl/ros2_ws/install/ur_msgs/include/ur_msgs/ur_msgs
[4.521s] -- Up-to-date: /daniel/Desktop/ur5-rl/ros2_ws/install/ur_msgs/include/ur_msgs/ur_msgs/srv
[4.522s] -- Up-to-date: /daniel/Desktop/ur5-rl/ros2_ws/install/ur_msgs/include/ur_msgs/ur_msgs/srv/detail
[4.522s] -- Installing: /daniel/Desktop/ur5-rl/ros2_ws/install/ur_msgs/include/ur_msgs/ur_msgs/srv/detail/set_speed_slider_fraction__rosidl_typesupport_fastrtps_cpp.hpp
[4.522s] -- Installing: /daniel/Desktop/ur5-rl/ros2_ws/install/ur_msgs/include/ur_msgs/ur_msgs/srv/detail/dds_fastrtps
[4.522s] -- Installing: /daniel/Desktop/ur5-rl/ros2_ws/install/ur_msgs/include/ur_msgs/ur_msgs/srv/detail/set_payload__rosidl_typesupport_fastrtps_cpp.hpp
[4.522s] -- Installing: /daniel/Desktop/ur5-rl/ros2_ws/install/ur_msgs/include/ur_msgs/ur_msgs/srv/detail/set_io__rosidl_typesupport_fastrtps_cpp.hpp
[4.522s] -- Up-to-date: /daniel/Desktop/ur5-rl/ros2_ws/install/ur_msgs/include/ur_msgs/ur_msgs/msg
[4.522s] -- Up-to-date: /daniel/Desktop/ur5-rl/ros2_ws/install/ur_msgs/include/ur_msgs/ur_msgs/msg/detail
[4.522s] -- Installing: /daniel/Desktop/ur5-rl/ros2_ws/install/ur_msgs/include/ur_msgs/ur_msgs/msg/detail/io_states__rosidl_typesupport_fastrtps_cpp.hpp
[4.522s] -- Installing: /daniel/Desktop/ur5-rl/ros2_ws/install/ur_msgs/include/ur_msgs/ur_msgs/msg/detail/analog__rosidl_typesupport_fastrtps_cpp.hpp
[4.522s] -- Installing: /daniel/Desktop/ur5-rl/ros2_ws/install/ur_msgs/include/ur_msgs/ur_msgs/msg/detail/dds_fastrtps
[4.522s] -- Installing: /daniel/Desktop/ur5-rl/ros2_ws/install/ur_msgs/include/ur_msgs/ur_msgs/msg/detail/masterboard_data_msg__rosidl_typesupport_fastrtps_cpp.hpp
[4.522s] -- Installing: /daniel/Desktop/ur5-rl/ros2_ws/install/ur_msgs/include/ur_msgs/ur_msgs/msg/detail/digital__rosidl_typesupport_fastrtps_cpp.hpp
[4.522s] -- Installing: /daniel/Desktop/ur5-rl/ros2_ws/install/ur_msgs/include/ur_msgs/ur_msgs/msg/detail/tool_data_msg__rosidl_typesupport_fastrtps_cpp.hpp
[4.522s] -- Installing: /daniel/Desktop/ur5-rl/ros2_ws/install/ur_msgs/include/ur_msgs/ur_msgs/msg/detail/robot_state_rt_msg__rosidl_typesupport_fastrtps_cpp.hpp
[4.522s] -- Installing: /daniel/Desktop/ur5-rl/ros2_ws/install/ur_msgs/include/ur_msgs/ur_msgs/msg/detail/robot_mode_data_msg__rosidl_typesupport_fastrtps_cpp.hpp
[4.522s] -- Installing: /daniel/Desktop/ur5-rl/ros2_ws/install/ur_msgs/include/ur_msgs/ur_msgs/msg/rosidl_typesupport_fastrtps_cpp__visibility_control.h
[4.522s] -- Installing: /daniel/Desktop/ur5-rl/ros2_ws/install/ur_msgs/lib/libur_msgs__rosidl_typesupport_fastrtps_cpp.so
[4.523s] -- Set runtime path of "/daniel/Desktop/ur5-rl/ros2_ws/install/ur_msgs/lib/libur_msgs__rosidl_typesupport_fastrtps_cpp.so" to ""
[4.523s] -- Up-to-date: /daniel/Desktop/ur5-rl/ros2_ws/install/ur_msgs/include/ur_msgs/ur_msgs
[4.523s] -- Up-to-date: /daniel/Desktop/ur5-rl/ros2_ws/install/ur_msgs/include/ur_msgs/ur_msgs/srv
[4.523s] -- Up-to-date: /daniel/Desktop/ur5-rl/ros2_ws/install/ur_msgs/include/ur_msgs/ur_msgs/srv/detail
[4.523s] -- Installing: /daniel/Desktop/ur5-rl/ros2_ws/install/ur_msgs/include/ur_msgs/ur_msgs/srv/detail/set_io__type_support.c
[4.523s] -- Installing: /daniel/Desktop/ur5-rl/ros2_ws/install/ur_msgs/include/ur_msgs/ur_msgs/srv/detail/set_payload__rosidl_typesupport_introspection_c.h
[4.523s] -- Installing: /daniel/Desktop/ur5-rl/ros2_ws/install/ur_msgs/include/ur_msgs/ur_msgs/srv/detail/set_io__rosidl_typesupport_introspection_c.h
[4.523s] -- Installing: /daniel/Desktop/ur5-rl/ros2_ws/install/ur_msgs/include/ur_msgs/ur_msgs/srv/detail/set_speed_slider_fraction__type_support.c
[4.523s] -- Installing: /daniel/Desktop/ur5-rl/ros2_ws/install/ur_msgs/include/ur_msgs/ur_msgs/srv/detail/set_speed_slider_fraction__rosidl_typesupport_introspection_c.h
[4.524s] -- Installing: /daniel/Desktop/ur5-rl/ros2_ws/install/ur_msgs/include/ur_msgs/ur_msgs/srv/detail/set_payload__type_support.c
[4.524s] -- Up-to-date: /daniel/Desktop/ur5-rl/ros2_ws/install/ur_msgs/include/ur_msgs/ur_msgs/msg
[4.524s] -- Installing: /daniel/Desktop/ur5-rl/ros2_ws/install/ur_msgs/include/ur_msgs/ur_msgs/msg/rosidl_typesupport_introspection_c__visibility_control.h
[4.524s] -- Up-to-date: /daniel/Desktop/ur5-rl/ros2_ws/install/ur_msgs/include/ur_msgs/ur_msgs/msg/detail
[4.524s] -- Installing: /daniel/Desktop/ur5-rl/ros2_ws/install/ur_msgs/include/ur_msgs/ur_msgs/msg/detail/masterboard_data_msg__rosidl_typesupport_introspection_c.h
[4.524s] -- Installing: /daniel/Desktop/ur5-rl/ros2_ws/install/ur_msgs/include/ur_msgs/ur_msgs/msg/detail/analog__type_support.c
[4.524s] -- Installing: /daniel/Desktop/ur5-rl/ros2_ws/install/ur_msgs/include/ur_msgs/ur_msgs/msg/detail/robot_state_rt_msg__type_support.c
[4.524s] -- Installing: /daniel/Desktop/ur5-rl/ros2_ws/install/ur_msgs/include/ur_msgs/ur_msgs/msg/detail/tool_data_msg__rosidl_typesupport_introspection_c.h
[4.524s] -- Installing: /daniel/Desktop/ur5-rl/ros2_ws/install/ur_msgs/include/ur_msgs/ur_msgs/msg/detail/io_states__rosidl_typesupport_introspection_c.h
[4.524s] -- Installing: /daniel/Desktop/ur5-rl/ros2_ws/install/ur_msgs/include/ur_msgs/ur_msgs/msg/detail/tool_data_msg__type_support.c
[4.524s] -- Installing: /daniel/Desktop/ur5-rl/ros2_ws/install/ur_msgs/include/ur_msgs/ur_msgs/msg/detail/io_states__type_support.c
[4.524s] -- Installing: /daniel/Desktop/ur5-rl/ros2_ws/install/ur_msgs/include/ur_msgs/ur_msgs/msg/detail/masterboard_data_msg__type_support.c
[4.524s] -- Installing: /daniel/Desktop/ur5-rl/ros2_ws/install/ur_msgs/include/ur_msgs/ur_msgs/msg/detail/robot_mode_data_msg__rosidl_typesupport_introspection_c.h
[4.524s] -- Installing: /daniel/Desktop/ur5-rl/ros2_ws/install/ur_msgs/include/ur_msgs/ur_msgs/msg/detail/robot_mode_data_msg__type_support.c
[4.525s] -- Installing: /daniel/Desktop/ur5-rl/ros2_ws/install/ur_msgs/include/ur_msgs/ur_msgs/msg/detail/analog__rosidl_typesupport_introspection_c.h
[4.525s] -- Installing: /daniel/Desktop/ur5-rl/ros2_ws/install/ur_msgs/include/ur_msgs/ur_msgs/msg/detail/digital__rosidl_typesupport_introspection_c.h
[4.525s] -- Installing: /daniel/Desktop/ur5-rl/ros2_ws/install/ur_msgs/include/ur_msgs/ur_msgs/msg/detail/robot_state_rt_msg__rosidl_typesupport_introspection_c.h
[4.525s] -- Installing: /daniel/Desktop/ur5-rl/ros2_ws/install/ur_msgs/include/ur_msgs/ur_msgs/msg/detail/digital__type_support.c
[4.525s] -- Installing: /daniel/Desktop/ur5-rl/ros2_ws/install/ur_msgs/lib/libur_msgs__rosidl_typesupport_introspection_c.so
[4.525s] -- Set runtime path of "/daniel/Desktop/ur5-rl/ros2_ws/install/ur_msgs/lib/libur_msgs__rosidl_typesupport_introspection_c.so" to ""
[4.525s] -- Installing: /daniel/Desktop/ur5-rl/ros2_ws/install/ur_msgs/lib/libur_msgs__rosidl_typesupport_c.so
[4.526s] -- Set runtime path of "/daniel/Desktop/ur5-rl/ros2_ws/install/ur_msgs/lib/libur_msgs__rosidl_typesupport_c.so" to ""
[4.526s] -- Up-to-date: /daniel/Desktop/ur5-rl/ros2_ws/install/ur_msgs/include/ur_msgs/ur_msgs
[4.526s] -- Up-to-date: /daniel/Desktop/ur5-rl/ros2_ws/install/ur_msgs/include/ur_msgs/ur_msgs/srv
[4.526s] -- Up-to-date: /daniel/Desktop/ur5-rl/ros2_ws/install/ur_msgs/include/ur_msgs/ur_msgs/srv/detail
[4.526s] -- Installing: /daniel/Desktop/ur5-rl/ros2_ws/install/ur_msgs/include/ur_msgs/ur_msgs/srv/detail/set_payload__type_support.cpp
[4.526s] -- Installing: /daniel/Desktop/ur5-rl/ros2_ws/install/ur_msgs/include/ur_msgs/ur_msgs/srv/detail/set_payload__rosidl_typesupport_introspection_cpp.hpp
[4.526s] -- Installing: /daniel/Desktop/ur5-rl/ros2_ws/install/ur_msgs/include/ur_msgs/ur_msgs/srv/detail/set_io__type_support.cpp
[4.526s] -- Installing: /daniel/Desktop/ur5-rl/ros2_ws/install/ur_msgs/include/ur_msgs/ur_msgs/srv/detail/set_io__rosidl_typesupport_introspection_cpp.hpp
[4.526s] -- Installing: /daniel/Desktop/ur5-rl/ros2_ws/install/ur_msgs/include/ur_msgs/ur_msgs/srv/detail/set_speed_slider_fraction__type_support.cpp
[4.527s] -- Installing: /daniel/Desktop/ur5-rl/ros2_ws/install/ur_msgs/include/ur_msgs/ur_msgs/srv/detail/set_speed_slider_fraction__rosidl_typesupport_introspection_cpp.hpp
[4.527s] -- Up-to-date: /daniel/Desktop/ur5-rl/ros2_ws/install/ur_msgs/include/ur_msgs/ur_msgs/msg
[4.527s] -- Up-to-date: /daniel/Desktop/ur5-rl/ros2_ws/install/ur_msgs/include/ur_msgs/ur_msgs/msg/detail
[4.527s] -- Installing: /daniel/Desktop/ur5-rl/ros2_ws/install/ur_msgs/include/ur_msgs/ur_msgs/msg/detail/masterboard_data_msg__rosidl_typesupport_introspection_cpp.hpp
[4.527s] -- Installing: /daniel/Desktop/ur5-rl/ros2_ws/install/ur_msgs/include/ur_msgs/ur_msgs/msg/detail/io_states__type_support.cpp
[4.527s] -- Installing: /daniel/Desktop/ur5-rl/ros2_ws/install/ur_msgs/include/ur_msgs/ur_msgs/msg/detail/digital__rosidl_typesupport_introspection_cpp.hpp
[4.527s] -- Installing: /daniel/Desktop/ur5-rl/ros2_ws/install/ur_msgs/include/ur_msgs/ur_msgs/msg/detail/tool_data_msg__type_support.cpp
[4.527s] -- Installing: /daniel/Desktop/ur5-rl/ros2_ws/install/ur_msgs/include/ur_msgs/ur_msgs/msg/detail/digital__type_support.cpp
[4.527s] -- Installing: /daniel/Desktop/ur5-rl/ros2_ws/install/ur_msgs/include/ur_msgs/ur_msgs/msg/detail/robot_state_rt_msg__type_support.cpp
[4.527s] -- Installing: /daniel/Desktop/ur5-rl/ros2_ws/install/ur_msgs/include/ur_msgs/ur_msgs/msg/detail/analog__rosidl_typesupport_introspection_cpp.hpp
[4.527s] -- Installing: /daniel/Desktop/ur5-rl/ros2_ws/install/ur_msgs/include/ur_msgs/ur_msgs/msg/detail/robot_mode_data_msg__type_support.cpp
[4.527s] -- Installing: /daniel/Desktop/ur5-rl/ros2_ws/install/ur_msgs/include/ur_msgs/ur_msgs/msg/detail/robot_state_rt_msg__rosidl_typesupport_introspection_cpp.hpp
[4.527s] -- Installing: /daniel/Desktop/ur5-rl/ros2_ws/install/ur_msgs/include/ur_msgs/ur_msgs/msg/detail/tool_data_msg__rosidl_typesupport_introspection_cpp.hpp
[4.527s] -- Installing: /daniel/Desktop/ur5-rl/ros2_ws/install/ur_msgs/include/ur_msgs/ur_msgs/msg/detail/io_states__rosidl_typesupport_introspection_cpp.hpp
[4.527s] -- Installing: /daniel/Desktop/ur5-rl/ros2_ws/install/ur_msgs/include/ur_msgs/ur_msgs/msg/detail/robot_mode_data_msg__rosidl_typesupport_introspection_cpp.hpp
[4.528s] -- Installing: /daniel/Desktop/ur5-rl/ros2_ws/install/ur_msgs/include/ur_msgs/ur_msgs/msg/detail/analog__type_support.cpp
[4.528s] -- Installing: /daniel/Desktop/ur5-rl/ros2_ws/install/ur_msgs/include/ur_msgs/ur_msgs/msg/detail/masterboard_data_msg__type_support.cpp
[4.528s] -- Installing: /daniel/Desktop/ur5-rl/ros2_ws/install/ur_msgs/lib/libur_msgs__rosidl_typesupport_introspection_cpp.so
[4.528s] -- Set runtime path of "/daniel/Desktop/ur5-rl/ros2_ws/install/ur_msgs/lib/libur_msgs__rosidl_typesupport_introspection_cpp.so" to ""
[4.528s] -- Installing: /daniel/Desktop/ur5-rl/ros2_ws/install/ur_msgs/lib/libur_msgs__rosidl_typesupport_cpp.so
[4.529s] -- Set runtime path of "/daniel/Desktop/ur5-rl/ros2_ws/install/ur_msgs/lib/libur_msgs__rosidl_typesupport_cpp.so" to ""
[4.529s] -- Installing: /daniel/Desktop/ur5-rl/ros2_ws/install/ur_msgs/share/ur_msgs/environment/pythonpath.sh
[4.529s] -- Installing: /daniel/Desktop/ur5-rl/ros2_ws/install/ur_msgs/share/ur_msgs/environment/pythonpath.dsv
[4.529s] -- Installing: /daniel/Desktop/ur5-rl/ros2_ws/install/ur_msgs/local/lib/python3.10/dist-packages/ur_msgs-2.0.0-py3.10.egg-info
[4.529s] -- Installing: /daniel/Desktop/ur5-rl/ros2_ws/install/ur_msgs/local/lib/python3.10/dist-packages/ur_msgs-2.0.0-py3.10.egg-info/dependency_links.txt
[4.529s] -- Installing: /daniel/Desktop/ur5-rl/ros2_ws/install/ur_msgs/local/lib/python3.10/dist-packages/ur_msgs-2.0.0-py3.10.egg-info/top_level.txt
[4.529s] -- Installing: /daniel/Desktop/ur5-rl/ros2_ws/install/ur_msgs/local/lib/python3.10/dist-packages/ur_msgs-2.0.0-py3.10.egg-info/SOURCES.txt
[4.529s] -- Installing: /daniel/Desktop/ur5-rl/ros2_ws/install/ur_msgs/local/lib/python3.10/dist-packages/ur_msgs-2.0.0-py3.10.egg-info/PKG-INFO
[4.529s] -- Installing: /daniel/Desktop/ur5-rl/ros2_ws/install/ur_msgs/local/lib/python3.10/dist-packages/ur_msgs
[4.529s] -- Installing: /daniel/Desktop/ur5-rl/ros2_ws/install/ur_msgs/local/lib/python3.10/dist-packages/ur_msgs/_ur_msgs_s.ep.rosidl_typesupport_c.c
[4.529s] -- Installing: /daniel/Desktop/ur5-rl/ros2_ws/install/ur_msgs/local/lib/python3.10/dist-packages/ur_msgs/srv
[4.529s] -- Installing: /daniel/Desktop/ur5-rl/ros2_ws/install/ur_msgs/local/lib/python3.10/dist-packages/ur_msgs/srv/__init__.py
[4.529s] -- Installing: /daniel/Desktop/ur5-rl/ros2_ws/install/ur_msgs/local/lib/python3.10/dist-packages/ur_msgs/srv/_set_payload.py
[4.530s] -- Installing: /daniel/Desktop/ur5-rl/ros2_ws/install/ur_msgs/local/lib/python3.10/dist-packages/ur_msgs/srv/_set_io.py
[4.530s] -- Installing: /daniel/Desktop/ur5-rl/ros2_ws/install/ur_msgs/local/lib/python3.10/dist-packages/ur_msgs/srv/_set_speed_slider_fraction_s.c
[4.530s] -- Installing: /daniel/Desktop/ur5-rl/ros2_ws/install/ur_msgs/local/lib/python3.10/dist-packages/ur_msgs/srv/_set_io_s.c
[4.530s] -- Installing: /daniel/Desktop/ur5-rl/ros2_ws/install/ur_msgs/local/lib/python3.10/dist-packages/ur_msgs/srv/_set_speed_slider_fraction.py
[4.530s] -- Installing: /daniel/Desktop/ur5-rl/ros2_ws/install/ur_msgs/local/lib/python3.10/dist-packages/ur_msgs/srv/_set_payload_s.c
[4.530s] -- Installing: /daniel/Desktop/ur5-rl/ros2_ws/install/ur_msgs/local/lib/python3.10/dist-packages/ur_msgs/_ur_msgs_s.ep.rosidl_typesupport_fastrtps_c.c
[4.530s] -- Installing: /daniel/Desktop/ur5-rl/ros2_ws/install/ur_msgs/local/lib/python3.10/dist-packages/ur_msgs/__init__.py
[4.530s] -- Installing: /daniel/Desktop/ur5-rl/ros2_ws/install/ur_msgs/local/lib/python3.10/dist-packages/ur_msgs/_ur_msgs_s.ep.rosidl_typesupport_introspection_c.c
[4.530s] -- Installing: /daniel/Desktop/ur5-rl/ros2_ws/install/ur_msgs/local/lib/python3.10/dist-packages/ur_msgs/libur_msgs__rosidl_generator_py.so
[4.531s] -- Installing: /daniel/Desktop/ur5-rl/ros2_ws/install/ur_msgs/local/lib/python3.10/dist-packages/ur_msgs/ur_msgs_s__rosidl_typesupport_fastrtps_c.cpython-310-x86_64-linux-gnu.so
[4.531s] -- Installing: /daniel/Desktop/ur5-rl/ros2_ws/install/ur_msgs/local/lib/python3.10/dist-packages/ur_msgs/ur_msgs_s__rosidl_typesupport_introspection_c.cpython-310-x86_64-linux-gnu.so
[4.531s] -- Installing: /daniel/Desktop/ur5-rl/ros2_ws/install/ur_msgs/local/lib/python3.10/dist-packages/ur_msgs/msg
[4.531s] -- Installing: /daniel/Desktop/ur5-rl/ros2_ws/install/ur_msgs/local/lib/python3.10/dist-packages/ur_msgs/msg/__init__.py
[4.531s] -- Installing: /daniel/Desktop/ur5-rl/ros2_ws/install/ur_msgs/local/lib/python3.10/dist-packages/ur_msgs/msg/_tool_data_msg_s.c
[4.531s] -- Installing: /daniel/Desktop/ur5-rl/ros2_ws/install/ur_msgs/local/lib/python3.10/dist-packages/ur_msgs/msg/_analog.py
[4.531s] -- Installing: /daniel/Desktop/ur5-rl/ros2_ws/install/ur_msgs/local/lib/python3.10/dist-packages/ur_msgs/msg/_masterboard_data_msg_s.c
[4.531s] -- Installing: /daniel/Desktop/ur5-rl/ros2_ws/install/ur_msgs/local/lib/python3.10/dist-packages/ur_msgs/msg/_robot_mode_data_msg.py
[4.531s] -- Installing: /daniel/Desktop/ur5-rl/ros2_ws/install/ur_msgs/local/lib/python3.10/dist-packages/ur_msgs/msg/_io_states.py
[4.531s] -- Installing: /daniel/Desktop/ur5-rl/ros2_ws/install/ur_msgs/local/lib/python3.10/dist-packages/ur_msgs/msg/_digital.py
[4.532s] -- Installing: /daniel/Desktop/ur5-rl/ros2_ws/install/ur_msgs/local/lib/python3.10/dist-packages/ur_msgs/msg/_tool_data_msg.py
[4.532s] -- Installing: /daniel/Desktop/ur5-rl/ros2_ws/install/ur_msgs/local/lib/python3.10/dist-packages/ur_msgs/msg/_analog_s.c
[4.532s] -- Installing: /daniel/Desktop/ur5-rl/ros2_ws/install/ur_msgs/local/lib/python3.10/dist-packages/ur_msgs/msg/_robot_state_rt_msg_s.c
[4.532s] -- Installing: /daniel/Desktop/ur5-rl/ros2_ws/install/ur_msgs/local/lib/python3.10/dist-packages/ur_msgs/msg/_robot_mode_data_msg_s.c
[4.532s] -- Installing: /daniel/Desktop/ur5-rl/ros2_ws/install/ur_msgs/local/lib/python3.10/dist-packages/ur_msgs/msg/_digital_s.c
[4.532s] -- Installing: /daniel/Desktop/ur5-rl/ros2_ws/install/ur_msgs/local/lib/python3.10/dist-packages/ur_msgs/msg/_robot_state_rt_msg.py
[4.532s] -- Installing: /daniel/Desktop/ur5-rl/ros2_ws/install/ur_msgs/local/lib/python3.10/dist-packages/ur_msgs/msg/_masterboard_data_msg.py
[4.532s] -- Installing: /daniel/Desktop/ur5-rl/ros2_ws/install/ur_msgs/local/lib/python3.10/dist-packages/ur_msgs/msg/_io_states_s.c
[4.532s] -- Installing: /daniel/Desktop/ur5-rl/ros2_ws/install/ur_msgs/local/lib/python3.10/dist-packages/ur_msgs/ur_msgs_s__rosidl_typesupport_c.cpython-310-x86_64-linux-gnu.so
[4.559s] Listing '/daniel/Desktop/ur5-rl/ros2_ws/install/ur_msgs/local/lib/python3.10/dist-packages/ur_msgs'...
[4.559s] Compiling '/daniel/Desktop/ur5-rl/ros2_ws/install/ur_msgs/local/lib/python3.10/dist-packages/ur_msgs/__init__.py'...
[4.560s] Listing '/daniel/Desktop/ur5-rl/ros2_ws/install/ur_msgs/local/lib/python3.10/dist-packages/ur_msgs/msg'...
[4.560s] Compiling '/daniel/Desktop/ur5-rl/ros2_ws/install/ur_msgs/local/lib/python3.10/dist-packages/ur_msgs/msg/__init__.py'...
[4.560s] Compiling '/daniel/Desktop/ur5-rl/ros2_ws/install/ur_msgs/local/lib/python3.10/dist-packages/ur_msgs/msg/_analog.py'...
[4.560s] Compiling '/daniel/Desktop/ur5-rl/ros2_ws/install/ur_msgs/local/lib/python3.10/dist-packages/ur_msgs/msg/_digital.py'...
[4.560s] Compiling '/daniel/Desktop/ur5-rl/ros2_ws/install/ur_msgs/local/lib/python3.10/dist-packages/ur_msgs/msg/_io_states.py'...
[4.560s] Compiling '/daniel/Desktop/ur5-rl/ros2_ws/install/ur_msgs/local/lib/python3.10/dist-packages/ur_msgs/msg/_masterboard_data_msg.py'...
[4.560s] Compiling '/daniel/Desktop/ur5-rl/ros2_ws/install/ur_msgs/local/lib/python3.10/dist-packages/ur_msgs/msg/_robot_mode_data_msg.py'...
[4.560s] Compiling '/daniel/Desktop/ur5-rl/ros2_ws/install/ur_msgs/local/lib/python3.10/dist-packages/ur_msgs/msg/_robot_state_rt_msg.py'...
[4.560s] Compiling '/daniel/Desktop/ur5-rl/ros2_ws/install/ur_msgs/local/lib/python3.10/dist-packages/ur_msgs/msg/_tool_data_msg.py'...
[4.560s] Listing '/daniel/Desktop/ur5-rl/ros2_ws/install/ur_msgs/local/lib/python3.10/dist-packages/ur_msgs/srv'...
[4.560s] Compiling '/daniel/Desktop/ur5-rl/ros2_ws/install/ur_msgs/local/lib/python3.10/dist-packages/ur_msgs/srv/__init__.py'...
[4.560s] Compiling '/daniel/Desktop/ur5-rl/ros2_ws/install/ur_msgs/local/lib/python3.10/dist-packages/ur_msgs/srv/_set_io.py'...
[4.560s] Compiling '/daniel/Desktop/ur5-rl/ros2_ws/install/ur_msgs/local/lib/python3.10/dist-packages/ur_msgs/srv/_set_payload.py'...
[4.560s] Compiling '/daniel/Desktop/ur5-rl/ros2_ws/install/ur_msgs/local/lib/python3.10/dist-packages/ur_msgs/srv/_set_speed_slider_fraction.py'...
[4.562s] -- Installing: /daniel/Desktop/ur5-rl/ros2_ws/install/ur_msgs/local/lib/python3.10/dist-packages/ur_msgs/ur_msgs_s__rosidl_typesupport_fastrtps_c.cpython-310-x86_64-linux-gnu.so
[4.562s] -- Set runtime path of "/daniel/Desktop/ur5-rl/ros2_ws/install/ur_msgs/local/lib/python3.10/dist-packages/ur_msgs/ur_msgs_s__rosidl_typesupport_fastrtps_c.cpython-310-x86_64-linux-gnu.so" to ""
[4.562s] -- Installing: /daniel/Desktop/ur5-rl/ros2_ws/install/ur_msgs/local/lib/python3.10/dist-packages/ur_msgs/ur_msgs_s__rosidl_typesupport_introspection_c.cpython-310-x86_64-linux-gnu.so
[4.563s] -- Set runtime path of "/daniel/Desktop/ur5-rl/ros2_ws/install/ur_msgs/local/lib/python3.10/dist-packages/ur_msgs/ur_msgs_s__rosidl_typesupport_introspection_c.cpython-310-x86_64-linux-gnu.so" to ""
[4.563s] -- Installing: /daniel/Desktop/ur5-rl/ros2_ws/install/ur_msgs/local/lib/python3.10/dist-packages/ur_msgs/ur_msgs_s__rosidl_typesupport_c.cpython-310-x86_64-linux-gnu.so
[4.563s] -- Set runtime path of "/daniel/Desktop/ur5-rl/ros2_ws/install/ur_msgs/local/lib/python3.10/dist-packages/ur_msgs/ur_msgs_s__rosidl_typesupport_c.cpython-310-x86_64-linux-gnu.so" to ""
[4.563s] -- Installing: /daniel/Desktop/ur5-rl/ros2_ws/install/ur_msgs/lib/libur_msgs__rosidl_generator_py.so
[4.564s] -- Set runtime path of "/daniel/Desktop/ur5-rl/ros2_ws/install/ur_msgs/lib/libur_msgs__rosidl_generator_py.so" to ""
[4.564s] -- Installing: /daniel/Desktop/ur5-rl/ros2_ws/install/ur_msgs/share/ur_msgs/msg/Analog.idl
[4.564s] -- Installing: /daniel/Desktop/ur5-rl/ros2_ws/install/ur_msgs/share/ur_msgs/msg/Digital.idl
[4.564s] -- Installing: /daniel/Desktop/ur5-rl/ros2_ws/install/ur_msgs/share/ur_msgs/msg/IOStates.idl
[4.564s] -- Installing: /daniel/Desktop/ur5-rl/ros2_ws/install/ur_msgs/share/ur_msgs/msg/RobotStateRTMsg.idl
[4.564s] -- Installing: /daniel/Desktop/ur5-rl/ros2_ws/install/ur_msgs/share/ur_msgs/msg/MasterboardDataMsg.idl
[4.564s] -- Installing: /daniel/Desktop/ur5-rl/ros2_ws/install/ur_msgs/share/ur_msgs/msg/RobotModeDataMsg.idl
[4.564s] -- Installing: /daniel/Desktop/ur5-rl/ros2_ws/install/ur_msgs/share/ur_msgs/msg/ToolDataMsg.idl
[4.564s] -- Installing: /daniel/Desktop/ur5-rl/ros2_ws/install/ur_msgs/share/ur_msgs/srv/SetPayload.idl
[4.564s] -- Installing: /daniel/Desktop/ur5-rl/ros2_ws/install/ur_msgs/share/ur_msgs/srv/SetSpeedSliderFraction.idl
[4.564s] -- Installing: /daniel/Desktop/ur5-rl/ros2_ws/install/ur_msgs/share/ur_msgs/srv/SetIO.idl
[4.565s] -- Installing: /daniel/Desktop/ur5-rl/ros2_ws/install/ur_msgs/share/ur_msgs/msg/Analog.msg
[4.565s] -- Installing: /daniel/Desktop/ur5-rl/ros2_ws/install/ur_msgs/share/ur_msgs/msg/Digital.msg
[4.565s] -- Installing: /daniel/Desktop/ur5-rl/ros2_ws/install/ur_msgs/share/ur_msgs/msg/IOStates.msg
[4.565s] -- Installing: /daniel/Desktop/ur5-rl/ros2_ws/install/ur_msgs/share/ur_msgs/msg/RobotStateRTMsg.msg
[4.565s] -- Installing: /daniel/Desktop/ur5-rl/ros2_ws/install/ur_msgs/share/ur_msgs/msg/MasterboardDataMsg.msg
[4.565s] -- Installing: /daniel/Desktop/ur5-rl/ros2_ws/install/ur_msgs/share/ur_msgs/msg/RobotModeDataMsg.msg
[4.565s] -- Installing: /daniel/Desktop/ur5-rl/ros2_ws/install/ur_msgs/share/ur_msgs/msg/ToolDataMsg.msg
[4.565s] -- Installing: /daniel/Desktop/ur5-rl/ros2_ws/install/ur_msgs/share/ur_msgs/srv/SetPayload.srv
[4.565s] -- Installing: /daniel/Desktop/ur5-rl/ros2_ws/install/ur_msgs/share/ur_msgs/srv/SetPayload_Request.msg
[4.565s] -- Installing: /daniel/Desktop/ur5-rl/ros2_ws/install/ur_msgs/share/ur_msgs/srv/SetPayload_Response.msg
[4.565s] -- Installing: /daniel/Desktop/ur5-rl/ros2_ws/install/ur_msgs/share/ur_msgs/srv/SetSpeedSliderFraction.srv
[4.566s] -- Installing: /daniel/Desktop/ur5-rl/ros2_ws/install/ur_msgs/share/ur_msgs/srv/SetSpeedSliderFraction_Request.msg
[4.566s] -- Installing: /daniel/Desktop/ur5-rl/ros2_ws/install/ur_msgs/share/ur_msgs/srv/SetSpeedSliderFraction_Response.msg
[4.566s] -- Installing: /daniel/Desktop/ur5-rl/ros2_ws/install/ur_msgs/share/ur_msgs/srv/SetIO.srv
[4.566s] -- Installing: /daniel/Desktop/ur5-rl/ros2_ws/install/ur_msgs/share/ur_msgs/srv/SetIO_Request.msg
[4.566s] -- Installing: /daniel/Desktop/ur5-rl/ros2_ws/install/ur_msgs/share/ur_msgs/srv/SetIO_Response.msg
[4.566s] -- Installing: /daniel/Desktop/ur5-rl/ros2_ws/install/ur_msgs/share/ament_index/resource_index/package_run_dependencies/ur_msgs
[4.566s] -- Installing: /daniel/Desktop/ur5-rl/ros2_ws/install/ur_msgs/share/ament_index/resource_index/parent_prefix_path/ur_msgs
[4.566s] -- Installing: /daniel/Desktop/ur5-rl/ros2_ws/install/ur_msgs/share/ur_msgs/environment/ament_prefix_path.sh
[4.566s] -- Installing: /daniel/Desktop/ur5-rl/ros2_ws/install/ur_msgs/share/ur_msgs/environment/ament_prefix_path.dsv
[4.566s] -- Installing: /daniel/Desktop/ur5-rl/ros2_ws/install/ur_msgs/share/ur_msgs/environment/path.sh
[4.567s] -- Installing: /daniel/Desktop/ur5-rl/ros2_ws/install/ur_msgs/share/ur_msgs/environment/path.dsv
[4.567s] -- Installing: /daniel/Desktop/ur5-rl/ros2_ws/install/ur_msgs/share/ur_msgs/local_setup.bash
[4.567s] -- Installing: /daniel/Desktop/ur5-rl/ros2_ws/install/ur_msgs/share/ur_msgs/local_setup.sh
[4.567s] -- Installing: /daniel/Desktop/ur5-rl/ros2_ws/install/ur_msgs/share/ur_msgs/local_setup.zsh
[4.567s] -- Installing: /daniel/Desktop/ur5-rl/ros2_ws/install/ur_msgs/share/ur_msgs/local_setup.dsv
[4.567s] -- Installing: /daniel/Desktop/ur5-rl/ros2_ws/install/ur_msgs/share/ur_msgs/package.dsv
[4.567s] -- Installing: /daniel/Desktop/ur5-rl/ros2_ws/install/ur_msgs/share/ament_index/resource_index/packages/ur_msgs
[4.567s] -- Installing: /daniel/Desktop/ur5-rl/ros2_ws/install/ur_msgs/share/ur_msgs/cmake/export_ur_msgs__rosidl_generator_cExport.cmake
[4.567s] -- Installing: /daniel/Desktop/ur5-rl/ros2_ws/install/ur_msgs/share/ur_msgs/cmake/export_ur_msgs__rosidl_generator_cExport-noconfig.cmake
[4.567s] -- Installing: /daniel/Desktop/ur5-rl/ros2_ws/install/ur_msgs/share/ur_msgs/cmake/export_ur_msgs__rosidl_typesupport_fastrtps_cExport.cmake
[4.568s] -- Installing: /daniel/Desktop/ur5-rl/ros2_ws/install/ur_msgs/share/ur_msgs/cmake/export_ur_msgs__rosidl_typesupport_fastrtps_cExport-noconfig.cmake
[4.568s] -- Installing: /daniel/Desktop/ur5-rl/ros2_ws/install/ur_msgs/share/ur_msgs/cmake/export_ur_msgs__rosidl_generator_cppExport.cmake
[4.568s] -- Installing: /daniel/Desktop/ur5-rl/ros2_ws/install/ur_msgs/share/ur_msgs/cmake/export_ur_msgs__rosidl_typesupport_fastrtps_cppExport.cmake
[4.568s] -- Installing: /daniel/Desktop/ur5-rl/ros2_ws/install/ur_msgs/share/ur_msgs/cmake/export_ur_msgs__rosidl_typesupport_fastrtps_cppExport-noconfig.cmake
[4.568s] -- Installing: /daniel/Desktop/ur5-rl/ros2_ws/install/ur_msgs/share/ur_msgs/cmake/ur_msgs__rosidl_typesupport_introspection_cExport.cmake
[4.568s] -- Installing: /daniel/Desktop/ur5-rl/ros2_ws/install/ur_msgs/share/ur_msgs/cmake/ur_msgs__rosidl_typesupport_introspection_cExport-noconfig.cmake
[4.568s] -- Installing: /daniel/Desktop/ur5-rl/ros2_ws/install/ur_msgs/share/ur_msgs/cmake/ur_msgs__rosidl_typesupport_cExport.cmake
[4.568s] -- Installing: /daniel/Desktop/ur5-rl/ros2_ws/install/ur_msgs/share/ur_msgs/cmake/ur_msgs__rosidl_typesupport_cExport-noconfig.cmake
[4.568s] -- Installing: /daniel/Desktop/ur5-rl/ros2_ws/install/ur_msgs/share/ur_msgs/cmake/ur_msgs__rosidl_typesupport_introspection_cppExport.cmake
[4.569s] -- Installing: /daniel/Desktop/ur5-rl/ros2_ws/install/ur_msgs/share/ur_msgs/cmake/ur_msgs__rosidl_typesupport_introspection_cppExport-noconfig.cmake
[4.569s] -- Installing: /daniel/Desktop/ur5-rl/ros2_ws/install/ur_msgs/share/ur_msgs/cmake/ur_msgs__rosidl_typesupport_cppExport.cmake
[4.569s] -- Installing: /daniel/Desktop/ur5-rl/ros2_ws/install/ur_msgs/share/ur_msgs/cmake/ur_msgs__rosidl_typesupport_cppExport-noconfig.cmake
[4.569s] -- Installing: /daniel/Desktop/ur5-rl/ros2_ws/install/ur_msgs/share/ur_msgs/cmake/export_ur_msgs__rosidl_generator_pyExport.cmake
[4.569s] -- Installing: /daniel/Desktop/ur5-rl/ros2_ws/install/ur_msgs/share/ur_msgs/cmake/export_ur_msgs__rosidl_generator_pyExport-noconfig.cmake
[4.569s] -- Installing: /daniel/Desktop/ur5-rl/ros2_ws/install/ur_msgs/share/ur_msgs/cmake/rosidl_cmake-extras.cmake
[4.569s] -- Installing: /daniel/Desktop/ur5-rl/ros2_ws/install/ur_msgs/share/ur_msgs/cmake/ament_cmake_export_dependencies-extras.cmake
[4.569s] -- Installing: /daniel/Desktop/ur5-rl/ros2_ws/install/ur_msgs/share/ur_msgs/cmake/ament_cmake_export_include_directories-extras.cmake
[4.569s] -- Installing: /daniel/Desktop/ur5-rl/ros2_ws/install/ur_msgs/share/ur_msgs/cmake/ament_cmake_export_libraries-extras.cmake
[4.569s] -- Installing: /daniel/Desktop/ur5-rl/ros2_ws/install/ur_msgs/share/ur_msgs/cmake/ament_cmake_export_targets-extras.cmake
[4.570s] -- Installing: /daniel/Desktop/ur5-rl/ros2_ws/install/ur_msgs/share/ur_msgs/cmake/rosidl_cmake_export_typesupport_targets-extras.cmake
[4.570s] -- Installing: /daniel/Desktop/ur5-rl/ros2_ws/install/ur_msgs/share/ur_msgs/cmake/rosidl_cmake_export_typesupport_libraries-extras.cmake
[4.570s] -- Installing: /daniel/Desktop/ur5-rl/ros2_ws/install/ur_msgs/share/ur_msgs/cmake/ur_msgsConfig.cmake
[4.570s] -- Installing: /daniel/Desktop/ur5-rl/ros2_ws/install/ur_msgs/share/ur_msgs/cmake/ur_msgsConfig-version.cmake
[4.570s] -- Installing: /daniel/Desktop/ur5-rl/ros2_ws/install/ur_msgs/share/ur_msgs/package.xml
[4.572s] Invoked command in '/daniel/Desktop/ur5-rl/ros2_ws/build/ur_msgs' returned '0': CMAKE_PREFIX_PATH=/opt/ros/humble /usr/bin/cmake --install /daniel/Desktop/ur5-rl/ros2_ws/build/ur_msgs
