[0.025s] Invoking command in '/daniel/Desktop/ur5-rl/ros2_ws/build/ur_simulation_gazebo': CMAKE_PREFIX_PATH=/opt/ros/humble /usr/bin/cmake /daniel/Desktop/ur5-rl/ros2_ws/src/Universal_Robots_ROS2_Gazebo_Simulation/ur_simulation_gazebo -DCMAKE_INSTALL_PREFIX=/daniel/Desktop/ur5-rl/ros2_ws/install/ur_simulation_gazebo
[0.062s] -- The C compiler identification is GNU 11.4.0
[0.098s] -- The CXX compiler identification is GNU 11.4.0
[0.104s] -- Detecting C compiler ABI info
[0.152s] -- Detecting C compiler ABI info - done
[0.158s] -- Check for working C compiler: /usr/bin/cc - skipped
[0.158s] -- Detecting C compile features
[0.158s] -- Detecting C compile features - done
[0.160s] -- Detecting CXX compiler ABI info
[0.213s] -- Detecting CXX compiler ABI info - done
[0.218s] -- Check for working CXX compiler: /usr/bin/c++ - skipped
[0.219s] -- Detecting CXX compile features
[0.219s] -- Detecting CXX compile features - done
[0.222s] -- Found ament_cmake: 1.3.8 (/opt/ros/humble/share/ament_cmake/cmake)
[0.308s] -- Found Python3: /usr/bin/python3 (found version "3.10.12") found components: Interpreter 
[0.371s] -- Found ament_cmake_pytest: 1.3.8 (/opt/ros/humble/share/ament_cmake_pytest/cmake)
[0.561s] -- Configuring done
[0.563s] -- Generating done
[0.563s] -- Build files have been written to: /daniel/Desktop/ur5-rl/ros2_ws/build/ur_simulation_gazebo
[0.566s] Invoked command in '/daniel/Desktop/ur5-rl/ros2_ws/build/ur_simulation_gazebo' returned '0': CMAKE_PREFIX_PATH=/opt/ros/humble /usr/bin/cmake /daniel/Desktop/ur5-rl/ros2_ws/src/Universal_Robots_ROS2_Gazebo_Simulation/ur_simulation_gazebo -DCMAKE_INSTALL_PREFIX=/daniel/Desktop/ur5-rl/ros2_ws/install/ur_simulation_gazebo
[0.567s] Invoking command in '/daniel/Desktop/ur5-rl/ros2_ws/build/ur_simulation_gazebo': CMAKE_PREFIX_PATH=/opt/ros/humble /usr/bin/cmake --build /daniel/Desktop/ur5-rl/ros2_ws/build/ur_simulation_gazebo -- -j12 -l12
[0.592s] Invoked command in '/daniel/Desktop/ur5-rl/ros2_ws/build/ur_simulation_gazebo' returned '0': CMAKE_PREFIX_PATH=/opt/ros/humble /usr/bin/cmake --build /daniel/Desktop/ur5-rl/ros2_ws/build/ur_simulation_gazebo -- -j12 -l12
[0.614s] Invoking command in '/daniel/Desktop/ur5-rl/ros2_ws/build/ur_simulation_gazebo': CMAKE_PREFIX_PATH=/opt/ros/humble /usr/bin/cmake --install /daniel/Desktop/ur5-rl/ros2_ws/build/ur_simulation_gazebo
[0.618s] -- Install configuration: ""
[0.618s] -- Installing: /daniel/Desktop/ur5-rl/ros2_ws/install/ur_simulation_gazebo/share/ur_simulation_gazebo/config
[0.618s] -- Installing: /daniel/Desktop/ur5-rl/ros2_ws/install/ur_simulation_gazebo/share/ur_simulation_gazebo/config/ur_controllers.yaml
[0.618s] -- Installing: /daniel/Desktop/ur5-rl/ros2_ws/install/ur_simulation_gazebo/share/ur_simulation_gazebo/launch
[0.618s] -- Installing: /daniel/Desktop/ur5-rl/ros2_ws/install/ur_simulation_gazebo/share/ur_simulation_gazebo/launch/ur_sim_moveit.launch.py
[0.618s] -- Installing: /daniel/Desktop/ur5-rl/ros2_ws/install/ur_simulation_gazebo/share/ur_simulation_gazebo/launch/ur_sim_control.launch.py
[0.618s] -- Installing: /daniel/Desktop/ur5-rl/ros2_ws/install/ur_simulation_gazebo/share/ur_simulation_gazebo/urdf
[0.618s] -- Installing: /daniel/Desktop/ur5-rl/ros2_ws/install/ur_simulation_gazebo/share/ur_simulation_gazebo/urdf/ur_gazebo.urdf.xacro
[0.618s] -- Installing: /daniel/Desktop/ur5-rl/ros2_ws/install/ur_simulation_gazebo/share/ur_simulation_gazebo/urdf/ur_gazebo.ros2_control.xacro
[0.618s] -- Installing: /daniel/Desktop/ur5-rl/ros2_ws/install/ur_simulation_gazebo/share/ament_index/resource_index/package_run_dependencies/ur_simulation_gazebo
[0.619s] -- Installing: /daniel/Desktop/ur5-rl/ros2_ws/install/ur_simulation_gazebo/share/ament_index/resource_index/parent_prefix_path/ur_simulation_gazebo
[0.619s] -- Installing: /daniel/Desktop/ur5-rl/ros2_ws/install/ur_simulation_gazebo/share/ur_simulation_gazebo/environment/ament_prefix_path.sh
[0.619s] -- Installing: /daniel/Desktop/ur5-rl/ros2_ws/install/ur_simulation_gazebo/share/ur_simulation_gazebo/environment/ament_prefix_path.dsv
[0.619s] -- Installing: /daniel/Desktop/ur5-rl/ros2_ws/install/ur_simulation_gazebo/share/ur_simulation_gazebo/environment/path.sh
[0.619s] -- Installing: /daniel/Desktop/ur5-rl/ros2_ws/install/ur_simulation_gazebo/share/ur_simulation_gazebo/environment/path.dsv
[0.619s] -- Installing: /daniel/Desktop/ur5-rl/ros2_ws/install/ur_simulation_gazebo/share/ur_simulation_gazebo/local_setup.bash
[0.619s] -- Installing: /daniel/Desktop/ur5-rl/ros2_ws/install/ur_simulation_gazebo/share/ur_simulation_gazebo/local_setup.sh
[0.619s] -- Installing: /daniel/Desktop/ur5-rl/ros2_ws/install/ur_simulation_gazebo/share/ur_simulation_gazebo/local_setup.zsh
[0.619s] -- Installing: /daniel/Desktop/ur5-rl/ros2_ws/install/ur_simulation_gazebo/share/ur_simulation_gazebo/local_setup.dsv
[0.619s] -- Installing: /daniel/Desktop/ur5-rl/ros2_ws/install/ur_simulation_gazebo/share/ur_simulation_gazebo/package.dsv
[0.620s] -- Installing: /daniel/Desktop/ur5-rl/ros2_ws/install/ur_simulation_gazebo/share/ament_index/resource_index/packages/ur_simulation_gazebo
[0.620s] -- Installing: /daniel/Desktop/ur5-rl/ros2_ws/install/ur_simulation_gazebo/share/ur_simulation_gazebo/cmake/ur_simulation_gazeboConfig.cmake
[0.620s] -- Installing: /daniel/Desktop/ur5-rl/ros2_ws/install/ur_simulation_gazebo/share/ur_simulation_gazebo/cmake/ur_simulation_gazeboConfig-version.cmake
[0.620s] -- Installing: /daniel/Desktop/ur5-rl/ros2_ws/install/ur_simulation_gazebo/share/ur_simulation_gazebo/package.xml
[0.621s] Invoked command in '/daniel/Desktop/ur5-rl/ros2_ws/build/ur_simulation_gazebo' returned '0': CMAKE_PREFIX_PATH=/opt/ros/humble /usr/bin/cmake --install /daniel/Desktop/ur5-rl/ros2_ws/build/ur_simulation_gazebo
